;  LST file generated by mikroListExporter - v.2.0 
; Date/Time: 1/03/2023 08:35:49
;----------------------------------------------

;Address Opcode 	ASM
0x0000	0x2C67      	GOTO       1127
_Delay_1us:
;__Lib_Delays.c,7 :: 		void Delay_1us() {
;__Lib_Delays.c,8 :: 		Delay_us(1);
0x0003	0x0000      	NOP
;__Lib_Delays.c,9 :: 		}
L_end_Delay_1us:
0x0004	0x0008      	RETURN
; end of _Delay_1us
_Delay_50us:
;__Lib_Delays.c,19 :: 		void Delay_50us() {
;__Lib_Delays.c,20 :: 		Delay_us(50);
0x0005	0x3010      	MOVLW      16
0x0006	0x1283      	BCF        STATUS, 5
0x0007	0x1303      	BCF        STATUS, 6
0x0008	0x00FD      	MOVWF      R13
L_Delay_50us2:
0x0009	0x0BFD      	DECFSZ     R13, 1
0x000A	0x2809      	GOTO       L_Delay_50us2
0x000B	0x0000      	NOP
;__Lib_Delays.c,21 :: 		}
L_end_Delay_50us:
0x000C	0x0008      	RETURN
; end of _Delay_50us
_Delay_5500us:
;__Lib_Delays.c,31 :: 		void Delay_5500us() {
;__Lib_Delays.c,32 :: 		Delay_us(5500);
0x000D	0x3008      	MOVLW      8
0x000E	0x1283      	BCF        STATUS, 5
0x000F	0x1303      	BCF        STATUS, 6
0x0010	0x00FC      	MOVWF      R12
0x0011	0x3023      	MOVLW      35
0x0012	0x00FD      	MOVWF      R13
L_Delay_5500us5:
0x0013	0x0BFD      	DECFSZ     R13, 1
0x0014	0x2813      	GOTO       L_Delay_5500us5
0x0015	0x0BFC      	DECFSZ     R12, 1
0x0016	0x2813      	GOTO       L_Delay_5500us5
;__Lib_Delays.c,33 :: 		}
L_end_Delay_5500us:
0x0017	0x0008      	RETURN
; end of _Delay_5500us
_Get_Fosc_kHz:
;__Lib_Delays.c,1 :: 		unsigned long Get_Fosc_kHz(){
;__Lib_Delays.c,3 :: 		return Clock_kHz();
0x0018	0x30A0      	MOVLW      160
0x0019	0x1283      	BCF        STATUS, 5
0x001A	0x1303      	BCF        STATUS, 6
0x001B	0x00F0      	MOVWF      R0
0x001C	0x300F      	MOVLW      15
0x001D	0x00F1      	MOVWF      R0+1
0x001E	0x01F2      	CLRF       R0+2
0x001F	0x01F3      	CLRF       R0+3
;__Lib_Delays.c,5 :: 		}
L_end_Get_Fosc_kHz:
0x0020	0x0008      	RETURN
; end of _Get_Fosc_kHz
_Delay_Cyc:
;__Lib_Delays.c,65 :: 		void Delay_Cyc(char cycles_div_by_10)  { // Cycles_div_by_10: min 3, max 255
;__Lib_Delays.c,67 :: 		--cycles_div_by_10;
0x0021	0x1283      	BCF        STATUS, 5
0x0022	0x1303      	BCF        STATUS, 6
0x0023	0x03EB      	DECF       FARG_Delay_Cyc_cycles_div_by_10, 1
;__Lib_Delays.c,68 :: 		--cycles_div_by_10;
0x0024	0x03EB      	DECF       FARG_Delay_Cyc_cycles_div_by_10, 1
;__Lib_Delays.c,69 :: 		while (cycles_div_by_10 > 0) {
L_Delay_Cyc13:
0x0025	0x086B      	MOVF       FARG_Delay_Cyc_cycles_div_by_10, 0
0x0026	0x3C00      	SUBLW      0
0x0027	0x1803      	BTFSC      STATUS, 0
0x0028	0x282E      	GOTO       L_Delay_Cyc14
;__Lib_Delays.c,70 :: 		--cycles_div_by_10;
0x0029	0x03EB      	DECF       FARG_Delay_Cyc_cycles_div_by_10, 1
;__Lib_Delays.c,71 :: 		asm nop;
0x002A	0x0000      	NOP
;__Lib_Delays.c,72 :: 		asm nop;
0x002B	0x0000      	NOP
;__Lib_Delays.c,73 :: 		asm nop;
0x002C	0x0000      	NOP
;__Lib_Delays.c,74 :: 		}
0x002D	0x2825      	GOTO       L_Delay_Cyc13
L_Delay_Cyc14:
;__Lib_Delays.c,75 :: 		asm nop;
0x002E	0x0000      	NOP
;__Lib_Delays.c,76 :: 		asm nop;
0x002F	0x0000      	NOP
;__Lib_Delays.c,77 :: 		asm nop;
0x0030	0x0000      	NOP
;__Lib_Delays.c,78 :: 		asm nop;
0x0031	0x0000      	NOP
;__Lib_Delays.c,79 :: 		asm nop;
0x0032	0x0000      	NOP
;__Lib_Delays.c,80 :: 		}
L_end_Delay_Cyc:
0x0033	0x0008      	RETURN
; end of _Delay_Cyc
_Div_16X16_U:
;__Lib_Math.c,215 :: 		
;__Lib_Math.c,222 :: 		
0x0034	0x1283      	BCF        STATUS, 5
;__Lib_Math.c,223 :: 		
0x0035	0x1303      	BCF        STATUS, 6
;__Lib_Math.c,224 :: 		
0x0036	0x01F8      	CLRF       R8
;__Lib_Math.c,225 :: 		
0x0037	0x01F9      	CLRF       R9
;__Lib_Math.c,226 :: 		
0x0038	0x3010      	MOVLW      16
;__Lib_Math.c,227 :: 		
0x0039	0x00FC      	MOVWF      R12
;__Lib_Math.c,228 :: 		
0x003A	0x0D71      	RLF        R1, 0
;__Lib_Math.c,229 :: 		
0x003B	0x0DF8      	RLF        R8, 1
;__Lib_Math.c,230 :: 		
0x003C	0x0DF9      	RLF        R9, 1
;__Lib_Math.c,231 :: 		
0x003D	0x0874      	MOVF       R4, 0
;__Lib_Math.c,232 :: 		
0x003E	0x02F8      	SUBWF      R8, 1
;__Lib_Math.c,233 :: 		
0x003F	0x0875      	MOVF       R5, 0
;__Lib_Math.c,234 :: 		
0x0040	0x1C03      	BTFSS      STATUS, 0
;__Lib_Math.c,235 :: 		
0x0041	0x0F75      	INCFSZ     R5, 0
;__Lib_Math.c,236 :: 		
0x0042	0x02F9      	SUBWF      R9, 1
;__Lib_Math.c,237 :: 		
0x0043	0x1803      	BTFSC      STATUS, 0
;__Lib_Math.c,238 :: 		
0x0044	0x284C      	GOTO       $+8
;__Lib_Math.c,239 :: 		
0x0045	0x0874      	MOVF       R4, 0
;__Lib_Math.c,240 :: 		
0x0046	0x07F8      	ADDWF      R8, 1
;__Lib_Math.c,241 :: 		
0x0047	0x0875      	MOVF       R5, 0
;__Lib_Math.c,242 :: 		
0x0048	0x1803      	BTFSC      STATUS, 0
;__Lib_Math.c,243 :: 		
0x0049	0x0F75      	INCFSZ     R5, 0
;__Lib_Math.c,244 :: 		
0x004A	0x07F9      	ADDWF      R9, 1
;__Lib_Math.c,245 :: 		
0x004B	0x1003      	BCF        STATUS, 0
;__Lib_Math.c,246 :: 		
0x004C	0x0DF0      	RLF        R0, 1
;__Lib_Math.c,247 :: 		
0x004D	0x0DF1      	RLF        R1, 1
;__Lib_Math.c,248 :: 		
0x004E	0x0BFC      	DECFSZ     R12, 1
;__Lib_Math.c,249 :: 		
0x004F	0x283A      	GOTO       $-21
;__Lib_Math.c,251 :: 		
L_end_Div_16X16_U:
0x0050	0x0008      	RETURN
; end of _Div_16X16_U
_Mul_32x32_U:
;__Lib_Math.c,1774 :: 		
;__Lib_Math.c,1789 :: 		
0x0051	0x1283      	BCF        STATUS, 5
;__Lib_Math.c,1790 :: 		
0x0052	0x1303      	BCF        STATUS, 6
;__Lib_Math.c,1791 :: 		
0x0053	0x3022      	MOVLW      34
;__Lib_Math.c,1792 :: 		
0x0054	0x00FC      	MOVWF      R12
;__Lib_Math.c,1793 :: 		
0x0055	0x01F8      	CLRF       R8
;__Lib_Math.c,1794 :: 		
0x0056	0x01F9      	CLRF       R9
;__Lib_Math.c,1795 :: 		
0x0057	0x01FA      	CLRF       R10
;__Lib_Math.c,1796 :: 		
0x0058	0x01FB      	CLRF       R11
;__Lib_Math.c,1798 :: 		
_NEXT:
;__Lib_Math.c,1802 :: 		
0x0059	0x03FC      	DECF       R12, 1
;__Lib_Math.c,1803 :: 		
0x005A	0x1903      	BTFSC      STATUS, 2
;__Lib_Math.c,1804 :: 		
0x005B	0x2887      	GOTO       _EXIT2
;__Lib_Math.c,1805 :: 		
0x005C	0x1003      	BCF        STATUS, 0
;__Lib_Math.c,1807 :: 		
_LOOP:
;__Lib_Math.c,1816 :: 		
0x005D	0x0CFB      	RRF        R11, 1
;__Lib_Math.c,1817 :: 		
0x005E	0x0CFA      	RRF        R10, 1
;__Lib_Math.c,1818 :: 		
0x005F	0x0CF9      	RRF        R9, 1
;__Lib_Math.c,1819 :: 		
0x0060	0x0CF8      	RRF        R8, 1
;__Lib_Math.c,1820 :: 		
0x0061	0x0CF3      	RRF        R3, 1
;__Lib_Math.c,1821 :: 		
0x0062	0x0CF2      	RRF        R2, 1
;__Lib_Math.c,1822 :: 		
0x0063	0x0CF1      	RRF        R1, 1
;__Lib_Math.c,1823 :: 		
0x0064	0x0CF0      	RRF        R0, 1
;__Lib_Math.c,1828 :: 		
0x0065	0x1C03      	BTFSS      STATUS, 0
;__Lib_Math.c,1829 :: 		
0x0066	0x2859      	GOTO       _NEXT
;__Lib_Math.c,1830 :: 		
0x0067	0x03FC      	DECF       R12, 1
;__Lib_Math.c,1831 :: 		
0x0068	0x1903      	BTFSC      STATUS, 2
;__Lib_Math.c,1832 :: 		
0x0069	0x2879      	GOTO       _EXIT1
;__Lib_Math.c,1839 :: 		
0x006A	0x0874      	MOVF       R4, 0
;__Lib_Math.c,1840 :: 		
0x006B	0x07F8      	ADDWF      R8, 1
;__Lib_Math.c,1841 :: 		
0x006C	0x0875      	MOVF       R5, 0
;__Lib_Math.c,1842 :: 		
0x006D	0x1803      	BTFSC      STATUS, 0
;__Lib_Math.c,1843 :: 		
0x006E	0x0F75      	INCFSZ     R5, 0
;__Lib_Math.c,1844 :: 		
0x006F	0x07F9      	ADDWF      R9, 1
;__Lib_Math.c,1845 :: 		
0x0070	0x0876      	MOVF       R6, 0
;__Lib_Math.c,1846 :: 		
0x0071	0x1803      	BTFSC      STATUS, 0
;__Lib_Math.c,1847 :: 		
0x0072	0x0F76      	INCFSZ     R6, 0
;__Lib_Math.c,1848 :: 		
0x0073	0x07FA      	ADDWF      R10, 1
;__Lib_Math.c,1849 :: 		
0x0074	0x0877      	MOVF       R7, 0
;__Lib_Math.c,1850 :: 		
0x0075	0x1803      	BTFSC      STATUS, 0
;__Lib_Math.c,1851 :: 		
0x0076	0x0F77      	INCFSZ     R7, 0
;__Lib_Math.c,1852 :: 		
0x0077	0x07FB      	ADDWF      R11, 1
;__Lib_Math.c,1854 :: 		
0x0078	0x285D      	GOTO       _LOOP
;__Lib_Math.c,1856 :: 		
_EXIT1:
;__Lib_Math.c,1861 :: 		
0x0079	0x0874      	MOVF       R4, 0
;__Lib_Math.c,1862 :: 		
0x007A	0x07F8      	ADDWF      R8, 1
;__Lib_Math.c,1863 :: 		
0x007B	0x0875      	MOVF       R5, 0
;__Lib_Math.c,1864 :: 		
0x007C	0x1803      	BTFSC      STATUS, 0
;__Lib_Math.c,1865 :: 		
0x007D	0x0F75      	INCFSZ     R5, 0
;__Lib_Math.c,1866 :: 		
0x007E	0x07F9      	ADDWF      R9, 1
;__Lib_Math.c,1867 :: 		
0x007F	0x0876      	MOVF       R6, 0
;__Lib_Math.c,1868 :: 		
0x0080	0x1803      	BTFSC      STATUS, 0
;__Lib_Math.c,1869 :: 		
0x0081	0x0F76      	INCFSZ     R6, 0
;__Lib_Math.c,1870 :: 		
0x0082	0x07FA      	ADDWF      R10, 1
;__Lib_Math.c,1871 :: 		
0x0083	0x0877      	MOVF       R7, 0
;__Lib_Math.c,1872 :: 		
0x0084	0x1803      	BTFSC      STATUS, 0
;__Lib_Math.c,1873 :: 		
0x0085	0x0F77      	INCFSZ     R7, 0
;__Lib_Math.c,1874 :: 		
0x0086	0x07FB      	ADDWF      R11, 1
;__Lib_Math.c,1877 :: 		
_EXIT2:
;__Lib_Math.c,1879 :: 		
L_end_Mul_32x32_U:
0x0087	0x0008      	RETURN
; end of _Mul_32x32_U
_Div_32x32_U:
;__Lib_Math.c,1317 :: 		
;__Lib_Math.c,1326 :: 		
;__Lib_Math.c,1328 :: 		
0x0088	0x1283      	BCF        STATUS, 5
;__Lib_Math.c,1329 :: 		
0x0089	0x1303      	BCF        STATUS, 6
;__Lib_Math.c,1330 :: 		
0x008A	0x01FB      	CLRF       R11
;__Lib_Math.c,1331 :: 		
0x008B	0x01FA      	CLRF       R10
;__Lib_Math.c,1332 :: 		
0x008C	0x01F9      	CLRF       R9
;__Lib_Math.c,1333 :: 		
0x008D	0x01F8      	CLRF       R8
;__Lib_Math.c,1335 :: 		
0x008E	0x01A0      	CLRF       ___math_tempb
;__Lib_Math.c,1337 :: 		
0x008F	0x0D73      	RLF        R3, 0
;__Lib_Math.c,1338 :: 		
0x0090	0x0DF8      	RLF        R8, 1
;__Lib_Math.c,1339 :: 		
0x0091	0x0874      	MOVF       R4, 0
;__Lib_Math.c,1340 :: 		
0x0092	0x02F8      	SUBWF      R8, 1
;__Lib_Math.c,1341 :: 		
0x0093	0x0875      	MOVF       R5, 0
;__Lib_Math.c,1342 :: 		
0x0094	0x1C03      	BTFSS      STATUS, 0
;__Lib_Math.c,1343 :: 		
0x0095	0x0F75      	INCFSZ     R5, 0
;__Lib_Math.c,1344 :: 		
0x0096	0x02F9      	SUBWF      R9, 1
;__Lib_Math.c,1345 :: 		
0x0097	0x0876      	MOVF       R6, 0
;__Lib_Math.c,1346 :: 		
0x0098	0x1C03      	BTFSS      STATUS, 0
;__Lib_Math.c,1347 :: 		
0x0099	0x0F76      	INCFSZ     R6, 0
;__Lib_Math.c,1348 :: 		
0x009A	0x02FA      	SUBWF      R10, 1
;__Lib_Math.c,1349 :: 		
0x009B	0x0877      	MOVF       R7, 0
;__Lib_Math.c,1350 :: 		
0x009C	0x1C03      	BTFSS      STATUS, 0
;__Lib_Math.c,1351 :: 		
0x009D	0x0F77      	INCFSZ     R7, 0
;__Lib_Math.c,1352 :: 		
0x009E	0x02FB      	SUBWF      R11, 1
;__Lib_Math.c,1354 :: 		
0x009F	0x0100      	CLRW
;__Lib_Math.c,1355 :: 		
0x00A0	0x1C03      	BTFSS      STATUS, 0
;__Lib_Math.c,1356 :: 		
0x00A1	0x3001      	MOVLW      1
;__Lib_Math.c,1357 :: 		
0x00A2	0x02A0      	SUBWF      ___math_tempb, 1
;__Lib_Math.c,1358 :: 		
0x00A3	0x0DF3      	RLF        R3, 1
;__Lib_Math.c,1360 :: 		
0x00A4	0x3007      	MOVLW      7
;__Lib_Math.c,1361 :: 		
0x00A5	0x00FC      	MOVWF      R12
;__Lib_Math.c,1363 :: 		
LOOPU3232A:
;__Lib_Math.c,1364 :: 		
0x00A6	0x0D73      	RLF        R3, 0
;__Lib_Math.c,1365 :: 		
0x00A7	0x0DF8      	RLF        R8, 1
;__Lib_Math.c,1366 :: 		
0x00A8	0x0DF9      	RLF        R9, 1
;__Lib_Math.c,1367 :: 		
0x00A9	0x0DFA      	RLF        R10, 1
;__Lib_Math.c,1368 :: 		
0x00AA	0x0DFB      	RLF        R11, 1
;__Lib_Math.c,1369 :: 		
0x00AB	0x0DA0      	RLF        ___math_tempb, 1
;__Lib_Math.c,1370 :: 		
0x00AC	0x0874      	MOVF       R4, 0
;__Lib_Math.c,1371 :: 		
0x00AD	0x1C73      	BTFSS      R3, 0
;__Lib_Math.c,1372 :: 		
0x00AE	0x28C1      	GOTO       UADD22LA
;__Lib_Math.c,1374 :: 		
0x00AF	0x02F8      	SUBWF      R8, 1
;__Lib_Math.c,1375 :: 		
0x00B0	0x0875      	MOVF       R5, 0
;__Lib_Math.c,1376 :: 		
0x00B1	0x1C03      	BTFSS      STATUS, 0
;__Lib_Math.c,1377 :: 		
0x00B2	0x0F75      	INCFSZ     R5, 0
;__Lib_Math.c,1378 :: 		
0x00B3	0x02F9      	SUBWF      R9, 1
;__Lib_Math.c,1379 :: 		
0x00B4	0x0876      	MOVF       R6, 0
;__Lib_Math.c,1380 :: 		
0x00B5	0x1C03      	BTFSS      STATUS, 0
;__Lib_Math.c,1381 :: 		
0x00B6	0x0F76      	INCFSZ     R6, 0
;__Lib_Math.c,1382 :: 		
0x00B7	0x02FA      	SUBWF      R10, 1
;__Lib_Math.c,1383 :: 		
0x00B8	0x0877      	MOVF       R7, 0
;__Lib_Math.c,1384 :: 		
0x00B9	0x1C03      	BTFSS      STATUS, 0
;__Lib_Math.c,1385 :: 		
0x00BA	0x0F77      	INCFSZ     R7, 0
;__Lib_Math.c,1386 :: 		
0x00BB	0x02FB      	SUBWF      R11, 1
;__Lib_Math.c,1387 :: 		
0x00BC	0x0100      	CLRW
;__Lib_Math.c,1388 :: 		
0x00BD	0x1C03      	BTFSS      STATUS, 0
;__Lib_Math.c,1389 :: 		
0x00BE	0x3001      	MOVLW      1
;__Lib_Math.c,1390 :: 		
0x00BF	0x02A0      	SUBWF      ___math_tempb, 1
;__Lib_Math.c,1391 :: 		
0x00C0	0x28D2      	GOTO       UOK22LA
;__Lib_Math.c,1393 :: 		
UADD22LA:
;__Lib_Math.c,1394 :: 		
0x00C1	0x07F8      	ADDWF      R8, 1
;__Lib_Math.c,1395 :: 		
0x00C2	0x0875      	MOVF       R5, 0
;__Lib_Math.c,1396 :: 		
0x00C3	0x1803      	BTFSC      STATUS, 0
;__Lib_Math.c,1397 :: 		
0x00C4	0x0F75      	INCFSZ     R5, 0
;__Lib_Math.c,1398 :: 		
0x00C5	0x07F9      	ADDWF      R9, 1
;__Lib_Math.c,1399 :: 		
0x00C6	0x0876      	MOVF       R6, 0
;__Lib_Math.c,1400 :: 		
0x00C7	0x1803      	BTFSC      STATUS, 0
;__Lib_Math.c,1401 :: 		
0x00C8	0x0F76      	INCFSZ     R6, 0
;__Lib_Math.c,1402 :: 		
0x00C9	0x07FA      	ADDWF      R10, 1
;__Lib_Math.c,1403 :: 		
0x00CA	0x0877      	MOVF       R7, 0
;__Lib_Math.c,1404 :: 		
0x00CB	0x1803      	BTFSC      STATUS, 0
;__Lib_Math.c,1405 :: 		
0x00CC	0x0F77      	INCFSZ     R7, 0
;__Lib_Math.c,1406 :: 		
0x00CD	0x07FB      	ADDWF      R11, 1
;__Lib_Math.c,1407 :: 		
0x00CE	0x0100      	CLRW
;__Lib_Math.c,1408 :: 		
0x00CF	0x1803      	BTFSC      STATUS, 0
;__Lib_Math.c,1409 :: 		
0x00D0	0x3001      	MOVLW      1
;__Lib_Math.c,1410 :: 		
0x00D1	0x07A0      	ADDWF      ___math_tempb, 1
;__Lib_Math.c,1412 :: 		
UOK22LA:
;__Lib_Math.c,1413 :: 		
0x00D2	0x0DF3      	RLF        R3, 1
;__Lib_Math.c,1415 :: 		
0x00D3	0x0BFC      	DECFSZ     R12, 1
;__Lib_Math.c,1416 :: 		
0x00D4	0x28A6      	GOTO       LOOPU3232A
;__Lib_Math.c,1418 :: 		
0x00D5	0x0D72      	RLF        R2, 0
;__Lib_Math.c,1419 :: 		
0x00D6	0x0DF8      	RLF        R8, 1
;__Lib_Math.c,1420 :: 		
0x00D7	0x0DF9      	RLF        R9, 1
;__Lib_Math.c,1421 :: 		
0x00D8	0x0DFA      	RLF        R10, 1
;__Lib_Math.c,1422 :: 		
0x00D9	0x0DFB      	RLF        R11, 1
;__Lib_Math.c,1423 :: 		
0x00DA	0x0DA0      	RLF        ___math_tempb, 1
;__Lib_Math.c,1424 :: 		
0x00DB	0x0874      	MOVF       R4, 0
;__Lib_Math.c,1425 :: 		
0x00DC	0x1C73      	BTFSS      R3, 0
;__Lib_Math.c,1426 :: 		
0x00DD	0x28F0      	GOTO       UADD22L8
;__Lib_Math.c,1428 :: 		
0x00DE	0x02F8      	SUBWF      R8, 1
;__Lib_Math.c,1429 :: 		
0x00DF	0x0875      	MOVF       R5, 0
;__Lib_Math.c,1430 :: 		
0x00E0	0x1C03      	BTFSS      STATUS, 0
;__Lib_Math.c,1431 :: 		
0x00E1	0x0F75      	INCFSZ     R5, 0
;__Lib_Math.c,1432 :: 		
0x00E2	0x02F9      	SUBWF      R9, 1
;__Lib_Math.c,1433 :: 		
0x00E3	0x0876      	MOVF       R6, 0
;__Lib_Math.c,1434 :: 		
0x00E4	0x1C03      	BTFSS      STATUS, 0
;__Lib_Math.c,1435 :: 		
0x00E5	0x0F76      	INCFSZ     R6, 0
;__Lib_Math.c,1436 :: 		
0x00E6	0x02FA      	SUBWF      R10, 1
;__Lib_Math.c,1437 :: 		
0x00E7	0x0877      	MOVF       R7, 0
;__Lib_Math.c,1438 :: 		
0x00E8	0x1C03      	BTFSS      STATUS, 0
;__Lib_Math.c,1439 :: 		
0x00E9	0x0F77      	INCFSZ     R7, 0
;__Lib_Math.c,1440 :: 		
0x00EA	0x02FB      	SUBWF      R11, 1
;__Lib_Math.c,1441 :: 		
0x00EB	0x0100      	CLRW
;__Lib_Math.c,1442 :: 		
0x00EC	0x1C03      	BTFSS      STATUS, 0
;__Lib_Math.c,1443 :: 		
0x00ED	0x3001      	MOVLW      1
;__Lib_Math.c,1444 :: 		
0x00EE	0x02A0      	SUBWF      ___math_tempb, 1
;__Lib_Math.c,1445 :: 		
0x00EF	0x2901      	GOTO       UOK22L8
;__Lib_Math.c,1447 :: 		
UADD22L8:
;__Lib_Math.c,1448 :: 		
0x00F0	0x07F8      	ADDWF      R8, 1
;__Lib_Math.c,1449 :: 		
0x00F1	0x0875      	MOVF       R5, 0
;__Lib_Math.c,1450 :: 		
0x00F2	0x1803      	BTFSC      STATUS, 0
;__Lib_Math.c,1451 :: 		
0x00F3	0x0F75      	INCFSZ     R5, 0
;__Lib_Math.c,1452 :: 		
0x00F4	0x07F9      	ADDWF      R9, 1
;__Lib_Math.c,1453 :: 		
0x00F5	0x0876      	MOVF       R6, 0
;__Lib_Math.c,1454 :: 		
0x00F6	0x1803      	BTFSC      STATUS, 0
;__Lib_Math.c,1455 :: 		
0x00F7	0x0F76      	INCFSZ     R6, 0
;__Lib_Math.c,1456 :: 		
0x00F8	0x07FA      	ADDWF      R10, 1
;__Lib_Math.c,1457 :: 		
0x00F9	0x0877      	MOVF       R7, 0
;__Lib_Math.c,1458 :: 		
0x00FA	0x1803      	BTFSC      STATUS, 0
;__Lib_Math.c,1459 :: 		
0x00FB	0x0F77      	INCFSZ     R7, 0
;__Lib_Math.c,1460 :: 		
0x00FC	0x07FB      	ADDWF      R11, 1
;__Lib_Math.c,1461 :: 		
0x00FD	0x0100      	CLRW
;__Lib_Math.c,1462 :: 		
0x00FE	0x1803      	BTFSC      STATUS, 0
;__Lib_Math.c,1463 :: 		
0x00FF	0x3001      	MOVLW      1
;__Lib_Math.c,1464 :: 		
0x0100	0x07A0      	ADDWF      ___math_tempb, 1
;__Lib_Math.c,1466 :: 		
UOK22L8:
;__Lib_Math.c,1467 :: 		
0x0101	0x0DF2      	RLF        R2, 1
;__Lib_Math.c,1469 :: 		
0x0102	0x3007      	MOVLW      7
;__Lib_Math.c,1470 :: 		
0x0103	0x00FC      	MOVWF      R12
;__Lib_Math.c,1472 :: 		
LOOPU3232B:
;__Lib_Math.c,1473 :: 		
0x0104	0x0D72      	RLF        R2, 0
;__Lib_Math.c,1474 :: 		
0x0105	0x0DF8      	RLF        R8, 1
;__Lib_Math.c,1475 :: 		
0x0106	0x0DF9      	RLF        R9, 1
;__Lib_Math.c,1476 :: 		
0x0107	0x0DFA      	RLF        R10, 1
;__Lib_Math.c,1477 :: 		
0x0108	0x0DFB      	RLF        R11, 1
;__Lib_Math.c,1478 :: 		
0x0109	0x0DA0      	RLF        ___math_tempb, 1
;__Lib_Math.c,1479 :: 		
0x010A	0x0874      	MOVF       R4, 0
;__Lib_Math.c,1480 :: 		
0x010B	0x1C72      	BTFSS      R2, 0
;__Lib_Math.c,1481 :: 		
0x010C	0x291F      	GOTO       UADD22LB
;__Lib_Math.c,1483 :: 		
0x010D	0x02F8      	SUBWF      R8, 1
;__Lib_Math.c,1484 :: 		
0x010E	0x0875      	MOVF       R5, 0
;__Lib_Math.c,1485 :: 		
0x010F	0x1C03      	BTFSS      STATUS, 0
;__Lib_Math.c,1486 :: 		
0x0110	0x0F75      	INCFSZ     R5, 0
;__Lib_Math.c,1487 :: 		
0x0111	0x02F9      	SUBWF      R9, 1
;__Lib_Math.c,1488 :: 		
0x0112	0x0876      	MOVF       R6, 0
;__Lib_Math.c,1489 :: 		
0x0113	0x1C03      	BTFSS      STATUS, 0
;__Lib_Math.c,1490 :: 		
0x0114	0x0F76      	INCFSZ     R6, 0
;__Lib_Math.c,1491 :: 		
0x0115	0x02FA      	SUBWF      R10, 1
;__Lib_Math.c,1492 :: 		
0x0116	0x0877      	MOVF       R7, 0
;__Lib_Math.c,1493 :: 		
0x0117	0x1C03      	BTFSS      STATUS, 0
;__Lib_Math.c,1494 :: 		
0x0118	0x0F77      	INCFSZ     R7, 0
;__Lib_Math.c,1495 :: 		
0x0119	0x02FB      	SUBWF      R11, 1
;__Lib_Math.c,1496 :: 		
0x011A	0x0100      	CLRW
;__Lib_Math.c,1497 :: 		
0x011B	0x1C03      	BTFSS      STATUS, 0
;__Lib_Math.c,1498 :: 		
0x011C	0x3001      	MOVLW      1
;__Lib_Math.c,1499 :: 		
0x011D	0x02A0      	SUBWF      ___math_tempb, 1
;__Lib_Math.c,1500 :: 		
0x011E	0x2930      	GOTO       UOK22LB
;__Lib_Math.c,1502 :: 		
UADD22LB:
;__Lib_Math.c,1503 :: 		
0x011F	0x07F8      	ADDWF      R8, 1
;__Lib_Math.c,1504 :: 		
0x0120	0x0875      	MOVF       R5, 0
;__Lib_Math.c,1505 :: 		
0x0121	0x1803      	BTFSC      STATUS, 0
;__Lib_Math.c,1506 :: 		
0x0122	0x0F75      	INCFSZ     R5, 0
;__Lib_Math.c,1507 :: 		
0x0123	0x07F9      	ADDWF      R9, 1
;__Lib_Math.c,1508 :: 		
0x0124	0x0876      	MOVF       R6, 0
;__Lib_Math.c,1509 :: 		
0x0125	0x1803      	BTFSC      STATUS, 0
;__Lib_Math.c,1510 :: 		
0x0126	0x0F76      	INCFSZ     R6, 0
;__Lib_Math.c,1511 :: 		
0x0127	0x07FA      	ADDWF      R10, 1
;__Lib_Math.c,1512 :: 		
0x0128	0x0877      	MOVF       R7, 0
;__Lib_Math.c,1513 :: 		
0x0129	0x1803      	BTFSC      STATUS, 0
;__Lib_Math.c,1514 :: 		
0x012A	0x0F77      	INCFSZ     R7, 0
;__Lib_Math.c,1515 :: 		
0x012B	0x07FB      	ADDWF      R11, 1
;__Lib_Math.c,1516 :: 		
0x012C	0x0100      	CLRW
;__Lib_Math.c,1517 :: 		
0x012D	0x1803      	BTFSC      STATUS, 0
;__Lib_Math.c,1518 :: 		
0x012E	0x3001      	MOVLW      1
;__Lib_Math.c,1519 :: 		
0x012F	0x07A0      	ADDWF      ___math_tempb, 1
;__Lib_Math.c,1521 :: 		
UOK22LB:
;__Lib_Math.c,1522 :: 		
0x0130	0x0DF2      	RLF        R2, 1
;__Lib_Math.c,1524 :: 		
0x0131	0x0BFC      	DECFSZ     R12, 1
;__Lib_Math.c,1525 :: 		
0x0132	0x2904      	GOTO       LOOPU3232B
;__Lib_Math.c,1527 :: 		
0x0133	0x0D71      	RLF        R1, 0
;__Lib_Math.c,1528 :: 		
0x0134	0x0DF8      	RLF        R8, 1
;__Lib_Math.c,1529 :: 		
0x0135	0x0DF9      	RLF        R9, 1
;__Lib_Math.c,1530 :: 		
0x0136	0x0DFA      	RLF        R10, 1
;__Lib_Math.c,1531 :: 		
0x0137	0x0DFB      	RLF        R11, 1
;__Lib_Math.c,1532 :: 		
0x0138	0x0DA0      	RLF        ___math_tempb, 1
;__Lib_Math.c,1533 :: 		
0x0139	0x0874      	MOVF       R4, 0
;__Lib_Math.c,1534 :: 		
0x013A	0x1C72      	BTFSS      R2, 0
;__Lib_Math.c,1535 :: 		
0x013B	0x294E      	GOTO       UADD22L16
;__Lib_Math.c,1537 :: 		
0x013C	0x02F8      	SUBWF      R8, 1
;__Lib_Math.c,1538 :: 		
0x013D	0x0875      	MOVF       R5, 0
;__Lib_Math.c,1539 :: 		
0x013E	0x1C03      	BTFSS      STATUS, 0
;__Lib_Math.c,1540 :: 		
0x013F	0x0F75      	INCFSZ     R5, 0
;__Lib_Math.c,1541 :: 		
0x0140	0x02F9      	SUBWF      R9, 1
;__Lib_Math.c,1542 :: 		
0x0141	0x0876      	MOVF       R6, 0
;__Lib_Math.c,1543 :: 		
0x0142	0x1C03      	BTFSS      STATUS, 0
;__Lib_Math.c,1544 :: 		
0x0143	0x0F76      	INCFSZ     R6, 0
;__Lib_Math.c,1545 :: 		
0x0144	0x02FA      	SUBWF      R10, 1
;__Lib_Math.c,1546 :: 		
0x0145	0x0877      	MOVF       R7, 0
;__Lib_Math.c,1547 :: 		
0x0146	0x1C03      	BTFSS      STATUS, 0
;__Lib_Math.c,1548 :: 		
0x0147	0x0F77      	INCFSZ     R7, 0
;__Lib_Math.c,1549 :: 		
0x0148	0x02FB      	SUBWF      R11, 1
;__Lib_Math.c,1550 :: 		
0x0149	0x0100      	CLRW
;__Lib_Math.c,1551 :: 		
0x014A	0x1C03      	BTFSS      STATUS, 0
;__Lib_Math.c,1552 :: 		
0x014B	0x3001      	MOVLW      1
;__Lib_Math.c,1553 :: 		
0x014C	0x02A0      	SUBWF      ___math_tempb, 1
;__Lib_Math.c,1554 :: 		
0x014D	0x295F      	GOTO       UOK22L16
;__Lib_Math.c,1556 :: 		
UADD22L16:
;__Lib_Math.c,1557 :: 		
0x014E	0x07F8      	ADDWF      R8, 1
;__Lib_Math.c,1558 :: 		
0x014F	0x0875      	MOVF       R5, 0
;__Lib_Math.c,1559 :: 		
0x0150	0x1803      	BTFSC      STATUS, 0
;__Lib_Math.c,1560 :: 		
0x0151	0x0F75      	INCFSZ     R5, 0
;__Lib_Math.c,1561 :: 		
0x0152	0x07F9      	ADDWF      R9, 1
;__Lib_Math.c,1562 :: 		
0x0153	0x0876      	MOVF       R6, 0
;__Lib_Math.c,1563 :: 		
0x0154	0x1803      	BTFSC      STATUS, 0
;__Lib_Math.c,1564 :: 		
0x0155	0x0F76      	INCFSZ     R6, 0
;__Lib_Math.c,1565 :: 		
0x0156	0x07FA      	ADDWF      R10, 1
;__Lib_Math.c,1566 :: 		
0x0157	0x0877      	MOVF       R7, 0
;__Lib_Math.c,1567 :: 		
0x0158	0x1803      	BTFSC      STATUS, 0
;__Lib_Math.c,1568 :: 		
0x0159	0x0F77      	INCFSZ     R7, 0
;__Lib_Math.c,1569 :: 		
0x015A	0x07FB      	ADDWF      R11, 1
;__Lib_Math.c,1570 :: 		
0x015B	0x0100      	CLRW
;__Lib_Math.c,1571 :: 		
0x015C	0x1803      	BTFSC      STATUS, 0
;__Lib_Math.c,1572 :: 		
0x015D	0x3001      	MOVLW      1
;__Lib_Math.c,1573 :: 		
0x015E	0x07A0      	ADDWF      ___math_tempb, 1
;__Lib_Math.c,1575 :: 		
UOK22L16:
;__Lib_Math.c,1576 :: 		
0x015F	0x0DF1      	RLF        R1, 1
;__Lib_Math.c,1578 :: 		
0x0160	0x3007      	MOVLW      7
;__Lib_Math.c,1579 :: 		
0x0161	0x00FC      	MOVWF      R12
;__Lib_Math.c,1581 :: 		
LOOPU3232C:
;__Lib_Math.c,1582 :: 		
0x0162	0x0D71      	RLF        R1, 0
;__Lib_Math.c,1583 :: 		
0x0163	0x0DF8      	RLF        R8, 1
;__Lib_Math.c,1584 :: 		
0x0164	0x0DF9      	RLF        R9, 1
;__Lib_Math.c,1585 :: 		
0x0165	0x0DFA      	RLF        R10, 1
;__Lib_Math.c,1586 :: 		
0x0166	0x0DFB      	RLF        R11, 1
;__Lib_Math.c,1587 :: 		
0x0167	0x0DA0      	RLF        ___math_tempb, 1
;__Lib_Math.c,1588 :: 		
0x0168	0x0874      	MOVF       R4, 0
;__Lib_Math.c,1589 :: 		
0x0169	0x1C71      	BTFSS      R1, 0
;__Lib_Math.c,1590 :: 		
0x016A	0x297D      	GOTO       UADD22LC
;__Lib_Math.c,1592 :: 		
0x016B	0x02F8      	SUBWF      R8, 1
;__Lib_Math.c,1593 :: 		
0x016C	0x0875      	MOVF       R5, 0
;__Lib_Math.c,1594 :: 		
0x016D	0x1C03      	BTFSS      STATUS, 0
;__Lib_Math.c,1595 :: 		
0x016E	0x0F75      	INCFSZ     R5, 0
;__Lib_Math.c,1596 :: 		
0x016F	0x02F9      	SUBWF      R9, 1
;__Lib_Math.c,1597 :: 		
0x0170	0x0876      	MOVF       R6, 0
;__Lib_Math.c,1598 :: 		
0x0171	0x1C03      	BTFSS      STATUS, 0
;__Lib_Math.c,1599 :: 		
0x0172	0x0F76      	INCFSZ     R6, 0
;__Lib_Math.c,1600 :: 		
0x0173	0x02FA      	SUBWF      R10, 1
;__Lib_Math.c,1601 :: 		
0x0174	0x0877      	MOVF       R7, 0
;__Lib_Math.c,1602 :: 		
0x0175	0x1C03      	BTFSS      STATUS, 0
;__Lib_Math.c,1603 :: 		
0x0176	0x0F77      	INCFSZ     R7, 0
;__Lib_Math.c,1604 :: 		
0x0177	0x02FB      	SUBWF      R11, 1
;__Lib_Math.c,1605 :: 		
0x0178	0x0100      	CLRW
;__Lib_Math.c,1606 :: 		
0x0179	0x1C03      	BTFSS      STATUS, 0
;__Lib_Math.c,1607 :: 		
0x017A	0x3001      	MOVLW      1
;__Lib_Math.c,1608 :: 		
0x017B	0x02A0      	SUBWF      ___math_tempb, 1
;__Lib_Math.c,1609 :: 		
0x017C	0x298E      	GOTO       UOK22LC
;__Lib_Math.c,1611 :: 		
UADD22LC:
;__Lib_Math.c,1612 :: 		
0x017D	0x07F8      	ADDWF      R8, 1
;__Lib_Math.c,1613 :: 		
0x017E	0x0875      	MOVF       R5, 0
;__Lib_Math.c,1614 :: 		
0x017F	0x1803      	BTFSC      STATUS, 0
;__Lib_Math.c,1615 :: 		
0x0180	0x0F75      	INCFSZ     R5, 0
;__Lib_Math.c,1616 :: 		
0x0181	0x07F9      	ADDWF      R9, 1
;__Lib_Math.c,1617 :: 		
0x0182	0x0876      	MOVF       R6, 0
;__Lib_Math.c,1618 :: 		
0x0183	0x1803      	BTFSC      STATUS, 0
;__Lib_Math.c,1619 :: 		
0x0184	0x0F76      	INCFSZ     R6, 0
;__Lib_Math.c,1620 :: 		
0x0185	0x07FA      	ADDWF      R10, 1
;__Lib_Math.c,1621 :: 		
0x0186	0x0877      	MOVF       R7, 0
;__Lib_Math.c,1622 :: 		
0x0187	0x1803      	BTFSC      STATUS, 0
;__Lib_Math.c,1623 :: 		
0x0188	0x0F77      	INCFSZ     R7, 0
;__Lib_Math.c,1624 :: 		
0x0189	0x07FB      	ADDWF      R11, 1
;__Lib_Math.c,1625 :: 		
0x018A	0x0100      	CLRW
;__Lib_Math.c,1626 :: 		
0x018B	0x1803      	BTFSC      STATUS, 0
;__Lib_Math.c,1627 :: 		
0x018C	0x3001      	MOVLW      1
;__Lib_Math.c,1628 :: 		
0x018D	0x07A0      	ADDWF      ___math_tempb, 1
;__Lib_Math.c,1630 :: 		
UOK22LC:
;__Lib_Math.c,1631 :: 		
0x018E	0x0DF1      	RLF        R1, 1
;__Lib_Math.c,1633 :: 		
0x018F	0x0BFC      	DECFSZ     R12, 1
;__Lib_Math.c,1634 :: 		
0x0190	0x2962      	GOTO       LOOPU3232C
;__Lib_Math.c,1636 :: 		
0x0191	0x0D70      	RLF        R0, 0
;__Lib_Math.c,1637 :: 		
0x0192	0x0DF8      	RLF        R8, 1
;__Lib_Math.c,1638 :: 		
0x0193	0x0DF9      	RLF        R9, 1
;__Lib_Math.c,1639 :: 		
0x0194	0x0DFA      	RLF        R10, 1
;__Lib_Math.c,1640 :: 		
0x0195	0x0DFB      	RLF        R11, 1
;__Lib_Math.c,1641 :: 		
0x0196	0x0DA0      	RLF        ___math_tempb, 1
;__Lib_Math.c,1642 :: 		
0x0197	0x0874      	MOVF       R4, 0
;__Lib_Math.c,1643 :: 		
0x0198	0x1C71      	BTFSS      R1, 0
;__Lib_Math.c,1644 :: 		
0x0199	0x29AC      	GOTO       UADD22L24
;__Lib_Math.c,1646 :: 		
0x019A	0x02F8      	SUBWF      R8, 1
;__Lib_Math.c,1647 :: 		
0x019B	0x0875      	MOVF       R5, 0
;__Lib_Math.c,1648 :: 		
0x019C	0x1C03      	BTFSS      STATUS, 0
;__Lib_Math.c,1649 :: 		
0x019D	0x0F75      	INCFSZ     R5, 0
;__Lib_Math.c,1650 :: 		
0x019E	0x02F9      	SUBWF      R9, 1
;__Lib_Math.c,1651 :: 		
0x019F	0x0876      	MOVF       R6, 0
;__Lib_Math.c,1652 :: 		
0x01A0	0x1C03      	BTFSS      STATUS, 0
;__Lib_Math.c,1653 :: 		
0x01A1	0x0F76      	INCFSZ     R6, 0
;__Lib_Math.c,1654 :: 		
0x01A2	0x02FA      	SUBWF      R10, 1
;__Lib_Math.c,1655 :: 		
0x01A3	0x0877      	MOVF       R7, 0
;__Lib_Math.c,1656 :: 		
0x01A4	0x1C03      	BTFSS      STATUS, 0
;__Lib_Math.c,1657 :: 		
0x01A5	0x0F77      	INCFSZ     R7, 0
;__Lib_Math.c,1658 :: 		
0x01A6	0x02FB      	SUBWF      R11, 1
;__Lib_Math.c,1659 :: 		
0x01A7	0x0100      	CLRW
;__Lib_Math.c,1660 :: 		
0x01A8	0x1C03      	BTFSS      STATUS, 0
;__Lib_Math.c,1661 :: 		
0x01A9	0x3001      	MOVLW      1
;__Lib_Math.c,1662 :: 		
0x01AA	0x02A0      	SUBWF      ___math_tempb, 1
;__Lib_Math.c,1663 :: 		
0x01AB	0x29BD      	GOTO       UOK22L24
;__Lib_Math.c,1665 :: 		
UADD22L24:
;__Lib_Math.c,1666 :: 		
0x01AC	0x07F8      	ADDWF      R8, 1
;__Lib_Math.c,1667 :: 		
0x01AD	0x0875      	MOVF       R5, 0
;__Lib_Math.c,1668 :: 		
0x01AE	0x1803      	BTFSC      STATUS, 0
;__Lib_Math.c,1669 :: 		
0x01AF	0x0F75      	INCFSZ     R5, 0
;__Lib_Math.c,1670 :: 		
0x01B0	0x07F9      	ADDWF      R9, 1
;__Lib_Math.c,1671 :: 		
0x01B1	0x0876      	MOVF       R6, 0
;__Lib_Math.c,1672 :: 		
0x01B2	0x1803      	BTFSC      STATUS, 0
;__Lib_Math.c,1673 :: 		
0x01B3	0x0F76      	INCFSZ     R6, 0
;__Lib_Math.c,1674 :: 		
0x01B4	0x07FA      	ADDWF      R10, 1
;__Lib_Math.c,1675 :: 		
0x01B5	0x0877      	MOVF       R7, 0
;__Lib_Math.c,1676 :: 		
0x01B6	0x1803      	BTFSC      STATUS, 0
;__Lib_Math.c,1677 :: 		
0x01B7	0x0F77      	INCFSZ     R7, 0
;__Lib_Math.c,1678 :: 		
0x01B8	0x07FB      	ADDWF      R11, 1
;__Lib_Math.c,1679 :: 		
0x01B9	0x0100      	CLRW
;__Lib_Math.c,1680 :: 		
0x01BA	0x1803      	BTFSC      STATUS, 0
;__Lib_Math.c,1681 :: 		
0x01BB	0x3001      	MOVLW      1
;__Lib_Math.c,1682 :: 		
0x01BC	0x07A0      	ADDWF      ___math_tempb, 1
;__Lib_Math.c,1684 :: 		
UOK22L24:
;__Lib_Math.c,1685 :: 		
0x01BD	0x0DF0      	RLF        R0, 1
;__Lib_Math.c,1687 :: 		
0x01BE	0x3007      	MOVLW      7
;__Lib_Math.c,1688 :: 		
0x01BF	0x00FC      	MOVWF      R12
;__Lib_Math.c,1690 :: 		
LOOPU3232D:
;__Lib_Math.c,1691 :: 		
0x01C0	0x0D70      	RLF        R0, 0
;__Lib_Math.c,1692 :: 		
0x01C1	0x0DF8      	RLF        R8, 1
;__Lib_Math.c,1693 :: 		
0x01C2	0x0DF9      	RLF        R9, 1
;__Lib_Math.c,1694 :: 		
0x01C3	0x0DFA      	RLF        R10, 1
;__Lib_Math.c,1695 :: 		
0x01C4	0x0DFB      	RLF        R11, 1
;__Lib_Math.c,1696 :: 		
0x01C5	0x0DA0      	RLF        ___math_tempb, 1
;__Lib_Math.c,1697 :: 		
0x01C6	0x0874      	MOVF       R4, 0
;__Lib_Math.c,1698 :: 		
0x01C7	0x1C70      	BTFSS      R0, 0
;__Lib_Math.c,1699 :: 		
0x01C8	0x29DB      	GOTO       UADD22LD
;__Lib_Math.c,1701 :: 		
0x01C9	0x02F8      	SUBWF      R8, 1
;__Lib_Math.c,1702 :: 		
0x01CA	0x0875      	MOVF       R5, 0
;__Lib_Math.c,1703 :: 		
0x01CB	0x1C03      	BTFSS      STATUS, 0
;__Lib_Math.c,1704 :: 		
0x01CC	0x0F75      	INCFSZ     R5, 0
;__Lib_Math.c,1705 :: 		
0x01CD	0x02F9      	SUBWF      R9, 1
;__Lib_Math.c,1706 :: 		
0x01CE	0x0876      	MOVF       R6, 0
;__Lib_Math.c,1707 :: 		
0x01CF	0x1C03      	BTFSS      STATUS, 0
;__Lib_Math.c,1708 :: 		
0x01D0	0x0F76      	INCFSZ     R6, 0
;__Lib_Math.c,1709 :: 		
0x01D1	0x02FA      	SUBWF      R10, 1
;__Lib_Math.c,1710 :: 		
0x01D2	0x0877      	MOVF       R7, 0
;__Lib_Math.c,1711 :: 		
0x01D3	0x1C03      	BTFSS      STATUS, 0
;__Lib_Math.c,1712 :: 		
0x01D4	0x0F77      	INCFSZ     R7, 0
;__Lib_Math.c,1713 :: 		
0x01D5	0x02FB      	SUBWF      R11, 1
;__Lib_Math.c,1714 :: 		
0x01D6	0x0100      	CLRW
;__Lib_Math.c,1715 :: 		
0x01D7	0x1C03      	BTFSS      STATUS, 0
;__Lib_Math.c,1716 :: 		
0x01D8	0x3001      	MOVLW      1
;__Lib_Math.c,1717 :: 		
0x01D9	0x02A0      	SUBWF      ___math_tempb, 1
;__Lib_Math.c,1718 :: 		
0x01DA	0x29EC      	GOTO       UOK22LD
;__Lib_Math.c,1720 :: 		
UADD22LD:
;__Lib_Math.c,1721 :: 		
0x01DB	0x07F8      	ADDWF      R8, 1
;__Lib_Math.c,1722 :: 		
0x01DC	0x0875      	MOVF       R5, 0
;__Lib_Math.c,1723 :: 		
0x01DD	0x1803      	BTFSC      STATUS, 0
;__Lib_Math.c,1724 :: 		
0x01DE	0x0F75      	INCFSZ     R5, 0
;__Lib_Math.c,1725 :: 		
0x01DF	0x07F9      	ADDWF      R9, 1
;__Lib_Math.c,1726 :: 		
0x01E0	0x0876      	MOVF       R6, 0
;__Lib_Math.c,1727 :: 		
0x01E1	0x1803      	BTFSC      STATUS, 0
;__Lib_Math.c,1728 :: 		
0x01E2	0x0F76      	INCFSZ     R6, 0
;__Lib_Math.c,1729 :: 		
0x01E3	0x07FA      	ADDWF      R10, 1
;__Lib_Math.c,1730 :: 		
0x01E4	0x0877      	MOVF       R7, 0
;__Lib_Math.c,1731 :: 		
0x01E5	0x1803      	BTFSC      STATUS, 0
;__Lib_Math.c,1732 :: 		
0x01E6	0x0F77      	INCFSZ     R7, 0
;__Lib_Math.c,1733 :: 		
0x01E7	0x07FB      	ADDWF      R11, 1
;__Lib_Math.c,1734 :: 		
0x01E8	0x0100      	CLRW
;__Lib_Math.c,1735 :: 		
0x01E9	0x1803      	BTFSC      STATUS, 0
;__Lib_Math.c,1736 :: 		
0x01EA	0x3001      	MOVLW      1
;__Lib_Math.c,1737 :: 		
0x01EB	0x07A0      	ADDWF      ___math_tempb, 1
;__Lib_Math.c,1739 :: 		
UOK22LD:
;__Lib_Math.c,1740 :: 		
0x01EC	0x0DF0      	RLF        R0, 1
;__Lib_Math.c,1742 :: 		
0x01ED	0x0BFC      	DECFSZ     R12, 1
;__Lib_Math.c,1743 :: 		
0x01EE	0x29C0      	GOTO       LOOPU3232D
;__Lib_Math.c,1745 :: 		
0x01EF	0x1870      	BTFSC      R0, 0
;__Lib_Math.c,1746 :: 		
0x01F0	0x29FF      	GOTO       UOK22L
;__Lib_Math.c,1747 :: 		
0x01F1	0x0874      	MOVF       R4, 0
;__Lib_Math.c,1748 :: 		
0x01F2	0x07F8      	ADDWF      R8, 1
;__Lib_Math.c,1749 :: 		
0x01F3	0x0875      	MOVF       R5, 0
;__Lib_Math.c,1750 :: 		
0x01F4	0x1803      	BTFSC      STATUS, 0
;__Lib_Math.c,1751 :: 		
0x01F5	0x0F75      	INCFSZ     R5, 0
;__Lib_Math.c,1752 :: 		
0x01F6	0x07F9      	ADDWF      R9, 1
;__Lib_Math.c,1753 :: 		
0x01F7	0x0876      	MOVF       R6, 0
;__Lib_Math.c,1754 :: 		
0x01F8	0x1803      	BTFSC      STATUS, 0
;__Lib_Math.c,1755 :: 		
0x01F9	0x0F76      	INCFSZ     R6, 0
;__Lib_Math.c,1756 :: 		
0x01FA	0x07FA      	ADDWF      R10, 1
;__Lib_Math.c,1757 :: 		
0x01FB	0x0877      	MOVF       R7, 0
;__Lib_Math.c,1758 :: 		
0x01FC	0x1803      	BTFSC      STATUS, 0
;__Lib_Math.c,1759 :: 		
0x01FD	0x0F77      	INCFSZ     R7, 0
;__Lib_Math.c,1760 :: 		
0x01FE	0x07FB      	ADDWF      R11, 1
;__Lib_Math.c,1762 :: 		
UOK22L:
;__Lib_Math.c,1765 :: 		
L_end_Div_32x32_U:
0x01FF	0x0008      	RETURN
; end of _Div_32x32_U
_Lcd_Cmd:
;__Lib_Lcd.c,18 :: 		
;__Lib_Lcd.c,20 :: 		
0x0200	0x1283      	BCF        STATUS, 5
0x0201	0x1303      	BCF        STATUS, 6
0x0202	0x1BEB      	BTFSC      FARG_Lcd_Cmd_out_char, 7
0x0203	0x2A06      	GOTO       L__Lcd_Cmd21
0x0204	0x1186      	BCF        LCD_D7, BitPos(LCD_D7+0)
0x0205	0x2A07      	GOTO       L__Lcd_Cmd22
L__Lcd_Cmd21:
0x0206	0x1586      	BSF        LCD_D7, BitPos(LCD_D7+0)
L__Lcd_Cmd22:
;__Lib_Lcd.c,21 :: 		
0x0207	0x1B6B      	BTFSC      FARG_Lcd_Cmd_out_char, 6
0x0208	0x2A0B      	GOTO       L__Lcd_Cmd23
0x0209	0x1106      	BCF        LCD_D6, BitPos(LCD_D6+0)
0x020A	0x2A0C      	GOTO       L__Lcd_Cmd24
L__Lcd_Cmd23:
0x020B	0x1506      	BSF        LCD_D6, BitPos(LCD_D6+0)
L__Lcd_Cmd24:
;__Lib_Lcd.c,22 :: 		
0x020C	0x1AEB      	BTFSC      FARG_Lcd_Cmd_out_char, 5
0x020D	0x2A10      	GOTO       L__Lcd_Cmd25
0x020E	0x1086      	BCF        LCD_D5, BitPos(LCD_D5+0)
0x020F	0x2A11      	GOTO       L__Lcd_Cmd26
L__Lcd_Cmd25:
0x0210	0x1486      	BSF        LCD_D5, BitPos(LCD_D5+0)
L__Lcd_Cmd26:
;__Lib_Lcd.c,23 :: 		
0x0211	0x1A6B      	BTFSC      FARG_Lcd_Cmd_out_char, 4
0x0212	0x2A15      	GOTO       L__Lcd_Cmd27
0x0213	0x1006      	BCF        LCD_D4, BitPos(LCD_D4+0)
0x0214	0x2A16      	GOTO       L__Lcd_Cmd28
L__Lcd_Cmd27:
0x0215	0x1406      	BSF        LCD_D4, BitPos(LCD_D4+0)
L__Lcd_Cmd28:
;__Lib_Lcd.c,25 :: 		
0x0216	0x1857      	BTFSC      __Lib_Lcd_cmd_status, BitPos(__Lib_Lcd_cmd_status+0)
0x0217	0x2A1A      	GOTO       L__Lcd_Cmd29
0x0218	0x1606      	BSF        LCD_RS, BitPos(LCD_RS+0)
0x0219	0x2A1B      	GOTO       L__Lcd_Cmd30
L__Lcd_Cmd29:
0x021A	0x1206      	BCF        LCD_RS, BitPos(LCD_RS+0)
L__Lcd_Cmd30:
;__Lib_Lcd.c,28 :: 		
0x021B	0x1686      	BSF        LCD_EN, BitPos(LCD_EN+0)
;__Lib_Lcd.c,29 :: 		
0x021C	0x2003      	CALL       _Delay_1us
;__Lib_Lcd.c,30 :: 		
0x021D	0x1286      	BCF        LCD_EN, BitPos(LCD_EN+0)
;__Lib_Lcd.c,33 :: 		
0x021E	0x19EB      	BTFSC      FARG_Lcd_Cmd_out_char, 3
0x021F	0x2A22      	GOTO       L__Lcd_Cmd31
0x0220	0x1186      	BCF        LCD_D7, BitPos(LCD_D7+0)
0x0221	0x2A23      	GOTO       L__Lcd_Cmd32
L__Lcd_Cmd31:
0x0222	0x1586      	BSF        LCD_D7, BitPos(LCD_D7+0)
L__Lcd_Cmd32:
;__Lib_Lcd.c,34 :: 		
0x0223	0x196B      	BTFSC      FARG_Lcd_Cmd_out_char, 2
0x0224	0x2A27      	GOTO       L__Lcd_Cmd33
0x0225	0x1106      	BCF        LCD_D6, BitPos(LCD_D6+0)
0x0226	0x2A28      	GOTO       L__Lcd_Cmd34
L__Lcd_Cmd33:
0x0227	0x1506      	BSF        LCD_D6, BitPos(LCD_D6+0)
L__Lcd_Cmd34:
;__Lib_Lcd.c,35 :: 		
0x0228	0x18EB      	BTFSC      FARG_Lcd_Cmd_out_char, 1
0x0229	0x2A2C      	GOTO       L__Lcd_Cmd35
0x022A	0x1086      	BCF        LCD_D5, BitPos(LCD_D5+0)
0x022B	0x2A2D      	GOTO       L__Lcd_Cmd36
L__Lcd_Cmd35:
0x022C	0x1486      	BSF        LCD_D5, BitPos(LCD_D5+0)
L__Lcd_Cmd36:
;__Lib_Lcd.c,36 :: 		
0x022D	0x186B      	BTFSC      FARG_Lcd_Cmd_out_char, 0
0x022E	0x2A31      	GOTO       L__Lcd_Cmd37
0x022F	0x1006      	BCF        LCD_D4, BitPos(LCD_D4+0)
0x0230	0x2A32      	GOTO       L__Lcd_Cmd38
L__Lcd_Cmd37:
0x0231	0x1406      	BSF        LCD_D4, BitPos(LCD_D4+0)
L__Lcd_Cmd38:
;__Lib_Lcd.c,38 :: 		
0x0232	0x1857      	BTFSC      __Lib_Lcd_cmd_status, BitPos(__Lib_Lcd_cmd_status+0)
0x0233	0x2A36      	GOTO       L__Lcd_Cmd39
0x0234	0x1606      	BSF        LCD_RS, BitPos(LCD_RS+0)
0x0235	0x2A37      	GOTO       L__Lcd_Cmd40
L__Lcd_Cmd39:
0x0236	0x1206      	BCF        LCD_RS, BitPos(LCD_RS+0)
L__Lcd_Cmd40:
;__Lib_Lcd.c,40 :: 		
0x0237	0x1686      	BSF        LCD_EN, BitPos(LCD_EN+0)
;__Lib_Lcd.c,41 :: 		
0x0238	0x2003      	CALL       _Delay_1us
;__Lib_Lcd.c,42 :: 		
0x0239	0x1286      	BCF        LCD_EN, BitPos(LCD_EN+0)
;__Lib_Lcd.c,44 :: 		
0x023A	0x1C57      	BTFSS      __Lib_Lcd_cmd_status, BitPos(__Lib_Lcd_cmd_status+0)
0x023B	0x2A3E      	GOTO       L_Lcd_Cmd0
;__Lib_Lcd.c,45 :: 		
0x023C	0x200D      	CALL       _Delay_5500us
0x023D	0x2A3F      	GOTO       L_Lcd_Cmd1
L_Lcd_Cmd0:
;__Lib_Lcd.c,47 :: 		
0x023E	0x2005      	CALL       _Delay_50us
L_Lcd_Cmd1:
;__Lib_Lcd.c,48 :: 		
L_end_Lcd_Cmd:
0x023F	0x0008      	RETURN
; end of _Lcd_Cmd
_Lcd_Chr_CP:
;__Lib_Lcd.c,50 :: 		
;__Lib_Lcd.c,52 :: 		
0x0240	0x1283      	BCF        STATUS, 5
0x0241	0x1303      	BCF        STATUS, 6
0x0242	0x1057      	BCF        __Lib_Lcd_cmd_status, BitPos(__Lib_Lcd_cmd_status+0)
;__Lib_Lcd.c,53 :: 		
0x0243	0x085F      	MOVF       FARG_Lcd_Chr_CP_out_char, 0
0x0244	0x00EB      	MOVWF      FARG_Lcd_Cmd_out_char
0x0245	0x2200      	CALL       _Lcd_Cmd
;__Lib_Lcd.c,54 :: 		
0x0246	0x1457      	BSF        __Lib_Lcd_cmd_status, BitPos(__Lib_Lcd_cmd_status+0)
;__Lib_Lcd.c,55 :: 		
L_end_Lcd_Chr_CP:
0x0247	0x0008      	RETURN
; end of _Lcd_Chr_CP
_Sound_Play:
;__Lib_Sound.c,25 :: 		
;__Lib_Sound.c,29 :: 		
0x0248	0x2018      	CALL       _Get_Fosc_kHz
0x0249	0x30E8      	MOVLW      232
0x024A	0x00F4      	MOVWF      R4
0x024B	0x3003      	MOVLW      3
0x024C	0x00F5      	MOVWF      R4+1
0x024D	0x01F6      	CLRF       R4+2
0x024E	0x01F7      	CLRF       R4+3
0x024F	0x2051      	CALL       _Mul_32x32_U
0x0250	0x0870      	MOVF       R0, 0
0x0251	0x00E7      	MOVWF      Sound_Play_per_nc_L0
0x0252	0x0871      	MOVF       R0+1, 0
0x0253	0x00E8      	MOVWF      Sound_Play_per_nc_L0+1
0x0254	0x0872      	MOVF       R0+2, 0
0x0255	0x00E9      	MOVWF      Sound_Play_per_nc_L0+2
0x0256	0x0873      	MOVF       R0+3, 0
0x0257	0x00EA      	MOVWF      Sound_Play_per_nc_L0+3
;__Lib_Sound.c,30 :: 		
0x0258	0x085F      	MOVF       FARG_Sound_Play_freq_in_hz, 0
0x0259	0x00F4      	MOVWF      R4
0x025A	0x0860      	MOVF       FARG_Sound_Play_freq_in_hz+1, 0
0x025B	0x00F5      	MOVWF      R4+1
0x025C	0x01F6      	CLRF       R4+2
0x025D	0x01F7      	CLRF       R4+3
0x025E	0x2088      	CALL       _Div_32x32_U
0x025F	0x0870      	MOVF       R0, 0
0x0260	0x00E7      	MOVWF      Sound_Play_per_nc_L0
0x0261	0x0871      	MOVF       R0+1, 0
0x0262	0x00E8      	MOVWF      Sound_Play_per_nc_L0+1
0x0263	0x0872      	MOVF       R0+2, 0
0x0264	0x00E9      	MOVWF      Sound_Play_per_nc_L0+2
0x0265	0x0873      	MOVF       R0+3, 0
0x0266	0x00EA      	MOVWF      Sound_Play_per_nc_L0+3
;__Lib_Sound.c,31 :: 		
0x0267	0x0870      	MOVF       R0, 0
0x0268	0x00F5      	MOVWF      R5
0x0269	0x0871      	MOVF       R0+1, 0
0x026A	0x00F6      	MOVWF      R5+1
0x026B	0x0872      	MOVF       R0+2, 0
0x026C	0x00F7      	MOVWF      R5+2
0x026D	0x0873      	MOVF       R0+3, 0
0x026E	0x00F8      	MOVWF      R5+3
0x026F	0x0CF8      	RRF        R5+3, 1
0x0270	0x0CF7      	RRF        R5+2, 1
0x0271	0x0CF6      	RRF        R5+1, 1
0x0272	0x0CF5      	RRF        R5, 1
0x0273	0x13F8      	BCF        R5+3, 7
0x0274	0x0CF8      	RRF        R5+3, 1
0x0275	0x0CF7      	RRF        R5+2, 1
0x0276	0x0CF6      	RRF        R5+1, 1
0x0277	0x0CF5      	RRF        R5, 1
0x0278	0x13F8      	BCF        R5+3, 7
0x0279	0x0875      	MOVF       R5, 0
0x027A	0x00F0      	MOVWF      R0
0x027B	0x0876      	MOVF       R5+1, 0
0x027C	0x00F1      	MOVWF      R0+1
0x027D	0x0877      	MOVF       R5+2, 0
0x027E	0x00F2      	MOVWF      R0+2
0x027F	0x0878      	MOVF       R5+3, 0
0x0280	0x00F3      	MOVWF      R0+3
0x0281	0x0CF3      	RRF        R0+3, 1
0x0282	0x0CF2      	RRF        R0+2, 1
0x0283	0x0CF1      	RRF        R0+1, 1
0x0284	0x0CF0      	RRF        R0, 1
0x0285	0x13F3      	BCF        R0+3, 7
0x0286	0x0870      	MOVF       R0, 0
0x0287	0x00E3      	MOVWF      Sound_Play_nc_L0
0x0288	0x0871      	MOVF       R0+1, 0
0x0289	0x00E4      	MOVWF      Sound_Play_nc_L0+1
;__Lib_Sound.c,34 :: 		
0x028A	0x2018      	CALL       _Get_Fosc_kHz
0x028B	0x0861      	MOVF       FARG_Sound_Play_duration_ms, 0
0x028C	0x00F4      	MOVWF      R4
0x028D	0x0862      	MOVF       FARG_Sound_Play_duration_ms+1, 0
0x028E	0x00F5      	MOVWF      R4+1
0x028F	0x01F6      	CLRF       R4+2
0x0290	0x01F7      	CLRF       R4+3
0x0291	0x2051      	CALL       _Mul_32x32_U
0x0292	0x0863      	MOVF       Sound_Play_nc_L0, 0
0x0293	0x00F9      	MOVWF      R9
0x0294	0x0864      	MOVF       Sound_Play_nc_L0+1, 0
0x0295	0x00FA      	MOVWF      R9+1
0x0296	0x01FB      	CLRF       R9+2
0x0297	0x01FC      	CLRF       R9+3
0x0298	0x3003      	MOVLW      3
0x0299	0x00F8      	MOVWF      R8
0x029A	0x0879      	MOVF       R9, 0
0x029B	0x00F4      	MOVWF      R4
0x029C	0x087A      	MOVF       R9+1, 0
0x029D	0x00F5      	MOVWF      R4+1
0x029E	0x087B      	MOVF       R9+2, 0
0x029F	0x00F6      	MOVWF      R4+2
0x02A0	0x087C      	MOVF       R9+3, 0
0x02A1	0x00F7      	MOVWF      R4+3
0x02A2	0x0878      	MOVF       R8, 0
L__Sound_Play15:
0x02A3	0x1903      	BTFSC      STATUS, 2
0x02A4	0x2AAC      	GOTO       L__Sound_Play16
0x02A5	0x0DF4      	RLF        R4, 1
0x02A6	0x0DF5      	RLF        R4+1, 1
0x02A7	0x0DF6      	RLF        R4+2, 1
0x02A8	0x0DF7      	RLF        R4+3, 1
0x02A9	0x1074      	BCF        R4, 0
0x02AA	0x3EFF      	ADDLW      255
0x02AB	0x2AA3      	GOTO       L__Sound_Play15
L__Sound_Play16:
0x02AC	0x2088      	CALL       _Div_32x32_U
0x02AD	0x0870      	MOVF       R0, 0
0x02AE	0x00E7      	MOVWF      Sound_Play_per_nc_L0
0x02AF	0x0871      	MOVF       R0+1, 0
0x02B0	0x00E8      	MOVWF      Sound_Play_per_nc_L0+1
0x02B1	0x0872      	MOVF       R0+2, 0
0x02B2	0x00E9      	MOVWF      Sound_Play_per_nc_L0+2
0x02B3	0x0873      	MOVF       R0+3, 0
0x02B4	0x00EA      	MOVWF      Sound_Play_per_nc_L0+3
;__Lib_Sound.c,36 :: 		
0x02B5	0x300A      	MOVLW      10
0x02B6	0x00F4      	MOVWF      R4
0x02B7	0x3000      	MOVLW      0
0x02B8	0x00F5      	MOVWF      R4+1
0x02B9	0x0863      	MOVF       Sound_Play_nc_L0, 0
0x02BA	0x00F0      	MOVWF      R0
0x02BB	0x0864      	MOVF       Sound_Play_nc_L0+1, 0
0x02BC	0x00F1      	MOVWF      R0+1
0x02BD	0x2034      	CALL       _Div_16X16_U
0x02BE	0x0870      	MOVF       R0, 0
0x02BF	0x00E3      	MOVWF      Sound_Play_nc_L0
0x02C0	0x0871      	MOVF       R0+1, 0
0x02C1	0x00E4      	MOVWF      Sound_Play_nc_L0+1
;__Lib_Sound.c,37 :: 		
0x02C2	0x3000      	MOVLW      0
0x02C3	0x0271      	SUBWF      R0+1, 0
0x02C4	0x1D03      	BTFSS      STATUS, 2
0x02C5	0x2AC8      	GOTO       L__Sound_Play17
0x02C6	0x3003      	MOVLW      3
0x02C7	0x0270      	SUBWF      R0, 0
L__Sound_Play17:
0x02C8	0x1803      	BTFSC      STATUS, 0
0x02C9	0x2ACB      	GOTO       L_Sound_Play0
0x02CA	0x2B18      	GOTO       L_end_Sound_Play
L_Sound_Play0:
;__Lib_Sound.c,38 :: 		
0x02CB	0x0858      	MOVF       __Lib_Sound_soundPortAddr, 0
0x02CC	0x0084      	MOVWF      FSR
;__Lib_Sound.c,39 :: 		
L_Sound_Play1:
0x02CD	0x086A      	MOVF       Sound_Play_per_nc_L0+3, 0
0x02CE	0x3C00      	SUBLW      0
0x02CF	0x1D03      	BTFSS      STATUS, 2
0x02D0	0x2ADB      	GOTO       L__Sound_Play18
0x02D1	0x0869      	MOVF       Sound_Play_per_nc_L0+2, 0
0x02D2	0x3C00      	SUBLW      0
0x02D3	0x1D03      	BTFSS      STATUS, 2
0x02D4	0x2ADB      	GOTO       L__Sound_Play18
0x02D5	0x0868      	MOVF       Sound_Play_per_nc_L0+1, 0
0x02D6	0x3C00      	SUBLW      0
0x02D7	0x1D03      	BTFSS      STATUS, 2
0x02D8	0x2ADB      	GOTO       L__Sound_Play18
0x02D9	0x0867      	MOVF       Sound_Play_per_nc_L0, 0
0x02DA	0x3C00      	SUBLW      0
L__Sound_Play18:
0x02DB	0x1803      	BTFSC      STATUS, 0
0x02DC	0x2B16      	GOTO       L_Sound_Play2
;__Lib_Sound.c,40 :: 		
0x02DD	0x085A      	MOVF       __Lib_Sound_pinMask1, 0
0x02DE	0x0480      	IORWF      INDF, 1
;__Lib_Sound.c,42 :: 		
0x02DF	0x0864      	MOVF       Sound_Play_nc_L0+1, 0
0x02E0	0x1903      	BTFSC      STATUS, 2
0x02E1	0x2AF2      	GOTO       L_Sound_Play3
;__Lib_Sound.c,43 :: 		
0x02E2	0x01E5      	CLRF       Sound_Play_i_L0
0x02E3	0x01E6      	CLRF       Sound_Play_i_L0+1
L_Sound_Play4:
0x02E4	0x3000      	MOVLW      0
0x02E5	0x0266      	SUBWF      Sound_Play_i_L0+1, 0
0x02E6	0x1D03      	BTFSS      STATUS, 2
0x02E7	0x2AEA      	GOTO       L__Sound_Play19
0x02E8	0x0864      	MOVF       Sound_Play_nc_L0+1, 0
0x02E9	0x0265      	SUBWF      Sound_Play_i_L0, 0
L__Sound_Play19:
0x02EA	0x1803      	BTFSC      STATUS, 0
0x02EB	0x2AF2      	GOTO       L_Sound_Play5
;__Lib_Sound.c,44 :: 		
0x02EC	0x01EB      	CLRF       FARG_Delay_Cyc_cycles_div_by_10
0x02ED	0x2021      	CALL       _Delay_Cyc
;__Lib_Sound.c,43 :: 		
0x02EE	0x0AE5      	INCF       Sound_Play_i_L0, 1
0x02EF	0x1903      	BTFSC      STATUS, 2
0x02F0	0x0AE6      	INCF       Sound_Play_i_L0+1, 1
;__Lib_Sound.c,45 :: 		
0x02F1	0x2AE4      	GOTO       L_Sound_Play4
L_Sound_Play5:
;__Lib_Sound.c,46 :: 		
L_Sound_Play3:
;__Lib_Sound.c,47 :: 		
0x02F2	0x0863      	MOVF       Sound_Play_nc_L0, 0
0x02F3	0x00EB      	MOVWF      FARG_Delay_Cyc_cycles_div_by_10
0x02F4	0x2021      	CALL       _Delay_Cyc
;__Lib_Sound.c,49 :: 		
0x02F5	0x0859      	MOVF       __Lib_Sound_pinMask0, 0
0x02F6	0x0580      	ANDWF      INDF, 1
;__Lib_Sound.c,51 :: 		
0x02F7	0x0864      	MOVF       Sound_Play_nc_L0+1, 0
0x02F8	0x1903      	BTFSC      STATUS, 2
0x02F9	0x2B0A      	GOTO       L_Sound_Play7
;__Lib_Sound.c,52 :: 		
0x02FA	0x01E5      	CLRF       Sound_Play_i_L0
0x02FB	0x01E6      	CLRF       Sound_Play_i_L0+1
L_Sound_Play8:
0x02FC	0x3000      	MOVLW      0
0x02FD	0x0266      	SUBWF      Sound_Play_i_L0+1, 0
0x02FE	0x1D03      	BTFSS      STATUS, 2
0x02FF	0x2B02      	GOTO       L__Sound_Play20
0x0300	0x0864      	MOVF       Sound_Play_nc_L0+1, 0
0x0301	0x0265      	SUBWF      Sound_Play_i_L0, 0
L__Sound_Play20:
0x0302	0x1803      	BTFSC      STATUS, 0
0x0303	0x2B0A      	GOTO       L_Sound_Play9
;__Lib_Sound.c,53 :: 		
0x0304	0x01EB      	CLRF       FARG_Delay_Cyc_cycles_div_by_10
0x0305	0x2021      	CALL       _Delay_Cyc
;__Lib_Sound.c,52 :: 		
0x0306	0x0AE5      	INCF       Sound_Play_i_L0, 1
0x0307	0x1903      	BTFSC      STATUS, 2
0x0308	0x0AE6      	INCF       Sound_Play_i_L0+1, 1
;__Lib_Sound.c,54 :: 		
0x0309	0x2AFC      	GOTO       L_Sound_Play8
L_Sound_Play9:
;__Lib_Sound.c,55 :: 		
L_Sound_Play7:
;__Lib_Sound.c,56 :: 		
0x030A	0x0863      	MOVF       Sound_Play_nc_L0, 0
0x030B	0x00EB      	MOVWF      FARG_Delay_Cyc_cycles_div_by_10
0x030C	0x2021      	CALL       _Delay_Cyc
;__Lib_Sound.c,58 :: 		
0x030D	0x3001      	MOVLW      1
0x030E	0x02E7      	SUBWF      Sound_Play_per_nc_L0, 1
0x030F	0x1C03      	BTFSS      STATUS, 0
0x0310	0x02E8      	SUBWF      Sound_Play_per_nc_L0+1, 1
0x0311	0x1C03      	BTFSS      STATUS, 0
0x0312	0x02E9      	SUBWF      Sound_Play_per_nc_L0+2, 1
0x0313	0x1C03      	BTFSS      STATUS, 0
0x0314	0x02EA      	SUBWF      Sound_Play_per_nc_L0+3, 1
;__Lib_Sound.c,60 :: 		
0x0315	0x2ACD      	GOTO       L_Sound_Play1
L_Sound_Play2:
;__Lib_Sound.c,61 :: 		
0x0316	0x0859      	MOVF       __Lib_Sound_pinMask0, 0
0x0317	0x0580      	ANDWF      INDF, 1
;__Lib_Sound.c,62 :: 		
L_end_Sound_Play:
0x0318	0x0008      	RETURN
; end of _Sound_Play
_____DoICP:
;__Lib_System.c,6 :: 		
;__Lib_System.c,9 :: 		
0x0319	0x1283      	BCF        STATUS, 5
0x031A	0x1303      	BCF        STATUS, 6
0x031B	0x0856      	MOVF       ___DoICPAddr+1, 0
0x031C	0x008A      	MOVWF      PCLATH
;__Lib_System.c,10 :: 		
0x031D	0x0855      	MOVF       ___DoICPAddr, 0
0x031E	0x0082      	MOVWF      PCL
;__Lib_System.c,12 :: 		
L_end_____DoICP:
0x031F	0x0008      	RETURN
; end of _____DoICP
_La:
;T2.c,35 :: 		void La(){
;T2.c,36 :: 		Sound_Play(440.00,500); //Funcion La
0x0320	0x30B8      	MOVLW      184
0x0321	0x1283      	BCF        STATUS, 5
0x0322	0x1303      	BCF        STATUS, 6
0x0323	0x00DF      	MOVWF      FARG_Sound_Play_freq_in_hz
0x0324	0x3001      	MOVLW      1
0x0325	0x00E0      	MOVWF      FARG_Sound_Play_freq_in_hz+1
0x0326	0x30F4      	MOVLW      244
0x0327	0x00E1      	MOVWF      FARG_Sound_Play_duration_ms
0x0328	0x3001      	MOVLW      1
0x0329	0x00E2      	MOVWF      FARG_Sound_Play_duration_ms+1
0x032A	0x2248      	CALL       _Sound_Play
;T2.c,37 :: 		Delay_ms(300);
0x032B	0x3002      	MOVLW      2
0x032C	0x00FB      	MOVWF      R11
0x032D	0x3086      	MOVLW      134
0x032E	0x00FC      	MOVWF      R12
0x032F	0x3099      	MOVLW      153
0x0330	0x00FD      	MOVWF      R13
L_La5:
0x0331	0x0BFD      	DECFSZ     R13, 1
0x0332	0x2B31      	GOTO       L_La5
0x0333	0x0BFC      	DECFSZ     R12, 1
0x0334	0x2B31      	GOTO       L_La5
0x0335	0x0BFB      	DECFSZ     R11, 1
0x0336	0x2B31      	GOTO       L_La5
;T2.c,38 :: 		}
L_end_La:
0x0337	0x0008      	RETURN
; end of _La
_Sol:
;T2.c,31 :: 		void Sol(){
;T2.c,32 :: 		Sound_Play(392.00,500); //Funcion Sol
0x0338	0x3088      	MOVLW      136
0x0339	0x1283      	BCF        STATUS, 5
0x033A	0x1303      	BCF        STATUS, 6
0x033B	0x00DF      	MOVWF      FARG_Sound_Play_freq_in_hz
0x033C	0x3001      	MOVLW      1
0x033D	0x00E0      	MOVWF      FARG_Sound_Play_freq_in_hz+1
0x033E	0x30F4      	MOVLW      244
0x033F	0x00E1      	MOVWF      FARG_Sound_Play_duration_ms
0x0340	0x3001      	MOVLW      1
0x0341	0x00E2      	MOVWF      FARG_Sound_Play_duration_ms+1
0x0342	0x2248      	CALL       _Sound_Play
;T2.c,33 :: 		Delay_ms(300);
0x0343	0x3002      	MOVLW      2
0x0344	0x00FB      	MOVWF      R11
0x0345	0x3086      	MOVLW      134
0x0346	0x00FC      	MOVWF      R12
0x0347	0x3099      	MOVLW      153
0x0348	0x00FD      	MOVWF      R13
L_Sol4:
0x0349	0x0BFD      	DECFSZ     R13, 1
0x034A	0x2B49      	GOTO       L_Sol4
0x034B	0x0BFC      	DECFSZ     R12, 1
0x034C	0x2B49      	GOTO       L_Sol4
0x034D	0x0BFB      	DECFSZ     R11, 1
0x034E	0x2B49      	GOTO       L_Sol4
;T2.c,34 :: 		}
L_end_Sol:
0x034F	0x0008      	RETURN
; end of _Sol
_Dos:
;T2.c,15 :: 		void Dos(){    //Funcion Do
;T2.c,16 :: 		Sound_Play(261.63,500);
0x0350	0x3005      	MOVLW      5
0x0351	0x1283      	BCF        STATUS, 5
0x0352	0x1303      	BCF        STATUS, 6
0x0353	0x00DF      	MOVWF      FARG_Sound_Play_freq_in_hz
0x0354	0x3001      	MOVLW      1
0x0355	0x00E0      	MOVWF      FARG_Sound_Play_freq_in_hz+1
0x0356	0x30F4      	MOVLW      244
0x0357	0x00E1      	MOVWF      FARG_Sound_Play_duration_ms
0x0358	0x3001      	MOVLW      1
0x0359	0x00E2      	MOVWF      FARG_Sound_Play_duration_ms+1
0x035A	0x2248      	CALL       _Sound_Play
;T2.c,17 :: 		Delay_ms(300);
0x035B	0x3002      	MOVLW      2
0x035C	0x00FB      	MOVWF      R11
0x035D	0x3086      	MOVLW      134
0x035E	0x00FC      	MOVWF      R12
0x035F	0x3099      	MOVLW      153
0x0360	0x00FD      	MOVWF      R13
L_Dos0:
0x0361	0x0BFD      	DECFSZ     R13, 1
0x0362	0x2B61      	GOTO       L_Dos0
0x0363	0x0BFC      	DECFSZ     R12, 1
0x0364	0x2B61      	GOTO       L_Dos0
0x0365	0x0BFB      	DECFSZ     R11, 1
0x0366	0x2B61      	GOTO       L_Dos0
;T2.c,18 :: 		}
L_end_Dos:
0x0367	0x0008      	RETURN
; end of _Dos
_Mi:
;T2.c,23 :: 		void Mi(){
;T2.c,24 :: 		Sound_Play(329.63,500); //Funcion Mi
0x0368	0x3049      	MOVLW      73
0x0369	0x1283      	BCF        STATUS, 5
0x036A	0x1303      	BCF        STATUS, 6
0x036B	0x00DF      	MOVWF      FARG_Sound_Play_freq_in_hz
0x036C	0x3001      	MOVLW      1
0x036D	0x00E0      	MOVWF      FARG_Sound_Play_freq_in_hz+1
0x036E	0x30F4      	MOVLW      244
0x036F	0x00E1      	MOVWF      FARG_Sound_Play_duration_ms
0x0370	0x3001      	MOVLW      1
0x0371	0x00E2      	MOVWF      FARG_Sound_Play_duration_ms+1
0x0372	0x2248      	CALL       _Sound_Play
;T2.c,25 :: 		Delay_ms(300);
0x0373	0x3002      	MOVLW      2
0x0374	0x00FB      	MOVWF      R11
0x0375	0x3086      	MOVLW      134
0x0376	0x00FC      	MOVWF      R12
0x0377	0x3099      	MOVLW      153
0x0378	0x00FD      	MOVWF      R13
L_Mi2:
0x0379	0x0BFD      	DECFSZ     R13, 1
0x037A	0x2B79      	GOTO       L_Mi2
0x037B	0x0BFC      	DECFSZ     R12, 1
0x037C	0x2B79      	GOTO       L_Mi2
0x037D	0x0BFB      	DECFSZ     R11, 1
0x037E	0x2B79      	GOTO       L_Mi2
;T2.c,26 :: 		}
L_end_Mi:
0x037F	0x0008      	RETURN
; end of _Mi
_Re:
;T2.c,19 :: 		void Re(){
;T2.c,20 :: 		Sound_Play(293.66,500); //Funcion Re
0x0380	0x3025      	MOVLW      37
0x0381	0x1283      	BCF        STATUS, 5
0x0382	0x1303      	BCF        STATUS, 6
0x0383	0x00DF      	MOVWF      FARG_Sound_Play_freq_in_hz
0x0384	0x3001      	MOVLW      1
0x0385	0x00E0      	MOVWF      FARG_Sound_Play_freq_in_hz+1
0x0386	0x30F4      	MOVLW      244
0x0387	0x00E1      	MOVWF      FARG_Sound_Play_duration_ms
0x0388	0x3001      	MOVLW      1
0x0389	0x00E2      	MOVWF      FARG_Sound_Play_duration_ms+1
0x038A	0x2248      	CALL       _Sound_Play
;T2.c,21 :: 		Delay_ms(300);
0x038B	0x3002      	MOVLW      2
0x038C	0x00FB      	MOVWF      R11
0x038D	0x3086      	MOVLW      134
0x038E	0x00FC      	MOVWF      R12
0x038F	0x3099      	MOVLW      153
0x0390	0x00FD      	MOVWF      R13
L_Re1:
0x0391	0x0BFD      	DECFSZ     R13, 1
0x0392	0x2B91      	GOTO       L_Re1
0x0393	0x0BFC      	DECFSZ     R12, 1
0x0394	0x2B91      	GOTO       L_Re1
0x0395	0x0BFB      	DECFSZ     R11, 1
0x0396	0x2B91      	GOTO       L_Re1
;T2.c,22 :: 		}
L_end_Re:
0x0397	0x0008      	RETURN
; end of _Re
___CC2DW:
;__Lib_System.c,134 :: 		
;__Lib_System.c,137 :: 		
_CC2D_Loop1:
;__Lib_System.c,139 :: 		
0x0398	0x2319      	CALL       _____DoICP
0x0399	0x118A      	BCF        PCLATH, 3
0x039A	0x120A      	BCF        PCLATH, 4
;__Lib_System.c,141 :: 		
0x039B	0x0080      	MOVWF      INDF
;__Lib_System.c,142 :: 		
0x039C	0x0A84      	INCF       FSR, 1
;__Lib_System.c,143 :: 		
0x039D	0x0AD5      	INCF       ___DoICPAddr, 1
;__Lib_System.c,145 :: 		
0x039E	0x1903      	BTFSC      STATUS, 2
;__Lib_System.c,146 :: 		
0x039F	0x0AD6      	INCF       ___DoICPAddr+1, 1
;__Lib_System.c,147 :: 		
0x03A0	0x03F0      	DECF       R0, 1
;__Lib_System.c,149 :: 		
0x03A1	0x1D03      	BTFSS      STATUS, 2
;__Lib_System.c,150 :: 		
0x03A2	0x2B98      	GOTO       _CC2D_Loop1
;__Lib_System.c,152 :: 		
L_end___CC2DW:
0x03A3	0x0008      	RETURN
; end of ___CC2DW
_Lcd_Out:
;__Lib_Lcd.c,184 :: 		
;__Lib_Lcd.c,187 :: 		
0x03A4	0x2BB6      	GOTO       L_Lcd_Out11
;__Lib_Lcd.c,188 :: 		
L_Lcd_Out13:
0x03A5	0x3080      	MOVLW      128
0x03A6	0x1283      	BCF        STATUS, 5
0x03A7	0x1303      	BCF        STATUS, 6
0x03A8	0x00DB      	MOVWF      FARG_Lcd_Out_row
0x03A9	0x2BC9      	GOTO       L_Lcd_Out12
;__Lib_Lcd.c,189 :: 		
L_Lcd_Out14:
0x03AA	0x30C0      	MOVLW      192
0x03AB	0x00DB      	MOVWF      FARG_Lcd_Out_row
0x03AC	0x2BC9      	GOTO       L_Lcd_Out12
;__Lib_Lcd.c,190 :: 		
L_Lcd_Out15:
0x03AD	0x3094      	MOVLW      148
0x03AE	0x00DB      	MOVWF      FARG_Lcd_Out_row
0x03AF	0x2BC9      	GOTO       L_Lcd_Out12
;__Lib_Lcd.c,191 :: 		
L_Lcd_Out16:
0x03B0	0x30D4      	MOVLW      212
0x03B1	0x00DB      	MOVWF      FARG_Lcd_Out_row
0x03B2	0x2BC9      	GOTO       L_Lcd_Out12
;__Lib_Lcd.c,192 :: 		
L_Lcd_Out17:
0x03B3	0x3080      	MOVLW      128
0x03B4	0x00DB      	MOVWF      FARG_Lcd_Out_row
;__Lib_Lcd.c,193 :: 		
0x03B5	0x2BC9      	GOTO       L_Lcd_Out12
L_Lcd_Out11:
0x03B6	0x1283      	BCF        STATUS, 5
0x03B7	0x1303      	BCF        STATUS, 6
0x03B8	0x085B      	MOVF       FARG_Lcd_Out_row, 0
0x03B9	0x3A01      	XORLW      1
0x03BA	0x1903      	BTFSC      STATUS, 2
0x03BB	0x2BA5      	GOTO       L_Lcd_Out13
0x03BC	0x085B      	MOVF       FARG_Lcd_Out_row, 0
0x03BD	0x3A02      	XORLW      2
0x03BE	0x1903      	BTFSC      STATUS, 2
0x03BF	0x2BAA      	GOTO       L_Lcd_Out14
0x03C0	0x085B      	MOVF       FARG_Lcd_Out_row, 0
0x03C1	0x3A03      	XORLW      3
0x03C2	0x1903      	BTFSC      STATUS, 2
0x03C3	0x2BAD      	GOTO       L_Lcd_Out15
0x03C4	0x085B      	MOVF       FARG_Lcd_Out_row, 0
0x03C5	0x3A04      	XORLW      4
0x03C6	0x1903      	BTFSC      STATUS, 2
0x03C7	0x2BB0      	GOTO       L_Lcd_Out16
0x03C8	0x2BB3      	GOTO       L_Lcd_Out17
L_Lcd_Out12:
;__Lib_Lcd.c,194 :: 		
0x03C9	0x035C      	DECF       FARG_Lcd_Out_column, 0
0x03CA	0x00F0      	MOVWF      R0
0x03CB	0x085B      	MOVF       FARG_Lcd_Out_row, 0
0x03CC	0x07F0      	ADDWF      R0, 1
0x03CD	0x0870      	MOVF       R0, 0
0x03CE	0x00DB      	MOVWF      FARG_Lcd_Out_row
;__Lib_Lcd.c,196 :: 		
0x03CF	0x0870      	MOVF       R0, 0
0x03D0	0x00EB      	MOVWF      FARG_Lcd_Cmd_out_char
0x03D1	0x2200      	CALL       _Lcd_Cmd
;__Lib_Lcd.c,197 :: 		
0x03D2	0x1057      	BCF        __Lib_Lcd_cmd_status, BitPos(__Lib_Lcd_cmd_status+0)
;__Lib_Lcd.c,198 :: 		
0x03D3	0x01DE      	CLRF       Lcd_Out_i_L0
;__Lib_Lcd.c,199 :: 		
L_Lcd_Out18:
0x03D4	0x085E      	MOVF       Lcd_Out_i_L0, 0
0x03D5	0x075D      	ADDWF      FARG_Lcd_Out_text, 0
0x03D6	0x0084      	MOVWF      FSR
0x03D7	0x0800      	MOVF       INDF, 0
0x03D8	0x1903      	BTFSC      STATUS, 2
0x03D9	0x2BE2      	GOTO       L_Lcd_Out19
;__Lib_Lcd.c,200 :: 		
0x03DA	0x085E      	MOVF       Lcd_Out_i_L0, 0
0x03DB	0x075D      	ADDWF      FARG_Lcd_Out_text, 0
0x03DC	0x0084      	MOVWF      FSR
0x03DD	0x0800      	MOVF       INDF, 0
0x03DE	0x00DF      	MOVWF      FARG_Lcd_Chr_CP_out_char
0x03DF	0x2240      	CALL       _Lcd_Chr_CP
0x03E0	0x0ADE      	INCF       Lcd_Out_i_L0, 1
0x03E1	0x2BD4      	GOTO       L_Lcd_Out18
L_Lcd_Out19:
;__Lib_Lcd.c,201 :: 		
0x03E2	0x1457      	BSF        __Lib_Lcd_cmd_status, BitPos(__Lib_Lcd_cmd_status+0)
;__Lib_Lcd.c,202 :: 		
L_end_Lcd_Out:
0x03E3	0x0008      	RETURN
; end of _Lcd_Out
_Lcd_Init:
;__Lib_Lcd.c,84 :: 		
;__Lib_Lcd.c,86 :: 		
0x03E4	0x1683      	BSF        STATUS, 5
0x03E5	0x1303      	BCF        STATUS, 6
0x03E6	0x1286      	BCF        LCD_EN_Direction, BitPos(LCD_EN_Direction+0)
;__Lib_Lcd.c,87 :: 		
0x03E7	0x1206      	BCF        LCD_RS_Direction, BitPos(LCD_RS_Direction+0)
;__Lib_Lcd.c,88 :: 		
0x03E8	0x1006      	BCF        LCD_D4_Direction, BitPos(LCD_D4_Direction+0)
;__Lib_Lcd.c,89 :: 		
0x03E9	0x1086      	BCF        LCD_D5_Direction, BitPos(LCD_D5_Direction+0)
;__Lib_Lcd.c,90 :: 		
0x03EA	0x1106      	BCF        LCD_D6_Direction, BitPos(LCD_D6_Direction+0)
;__Lib_Lcd.c,91 :: 		
0x03EB	0x1186      	BCF        LCD_D7_Direction, BitPos(LCD_D7_Direction+0)
;__Lib_Lcd.c,93 :: 		
0x03EC	0x1283      	BCF        STATUS, 5
0x03ED	0x1286      	BCF        LCD_EN, BitPos(LCD_EN+0)
;__Lib_Lcd.c,94 :: 		
0x03EE	0x1206      	BCF        LCD_RS, BitPos(LCD_RS+0)
;__Lib_Lcd.c,95 :: 		
0x03EF	0x1186      	BCF        LCD_D7, BitPos(LCD_D7+0)
;__Lib_Lcd.c,96 :: 		
0x03F0	0x1106      	BCF        LCD_D6, BitPos(LCD_D6+0)
;__Lib_Lcd.c,97 :: 		
0x03F1	0x1086      	BCF        LCD_D5, BitPos(LCD_D5+0)
;__Lib_Lcd.c,98 :: 		
0x03F2	0x1006      	BCF        LCD_D4, BitPos(LCD_D4+0)
;__Lib_Lcd.c,100 :: 		
0x03F3	0x200D      	CALL       _Delay_5500us
;__Lib_Lcd.c,101 :: 		
0x03F4	0x200D      	CALL       _Delay_5500us
;__Lib_Lcd.c,102 :: 		
0x03F5	0x200D      	CALL       _Delay_5500us
;__Lib_Lcd.c,105 :: 		
0x03F6	0x1486      	BSF        LCD_D5, BitPos(LCD_D5+0)
;__Lib_Lcd.c,106 :: 		
0x03F7	0x1406      	BSF        LCD_D4, BitPos(LCD_D4+0)
;__Lib_Lcd.c,107 :: 		
0x03F8	0x1686      	BSF        LCD_EN, BitPos(LCD_EN+0)
;__Lib_Lcd.c,108 :: 		
0x03F9	0x2003      	CALL       _Delay_1us
;__Lib_Lcd.c,109 :: 		
0x03FA	0x1286      	BCF        LCD_EN, BitPos(LCD_EN+0)
;__Lib_Lcd.c,110 :: 		
0x03FB	0x200D      	CALL       _Delay_5500us
;__Lib_Lcd.c,112 :: 		
0x03FC	0x1686      	BSF        LCD_EN, BitPos(LCD_EN+0)
;__Lib_Lcd.c,113 :: 		
0x03FD	0x2003      	CALL       _Delay_1us
;__Lib_Lcd.c,114 :: 		
0x03FE	0x1286      	BCF        LCD_EN, BitPos(LCD_EN+0)
;__Lib_Lcd.c,115 :: 		
0x03FF	0x200D      	CALL       _Delay_5500us
;__Lib_Lcd.c,117 :: 		
0x0400	0x1686      	BSF        LCD_EN, BitPos(LCD_EN+0)
;__Lib_Lcd.c,118 :: 		
0x0401	0x2003      	CALL       _Delay_1us
;__Lib_Lcd.c,119 :: 		
0x0402	0x1286      	BCF        LCD_EN, BitPos(LCD_EN+0)
;__Lib_Lcd.c,120 :: 		
0x0403	0x200D      	CALL       _Delay_5500us
;__Lib_Lcd.c,123 :: 		
0x0404	0x1006      	BCF        LCD_D4, BitPos(LCD_D4+0)
;__Lib_Lcd.c,124 :: 		
0x0405	0x1686      	BSF        LCD_EN, BitPos(LCD_EN+0)
;__Lib_Lcd.c,125 :: 		
0x0406	0x2003      	CALL       _Delay_1us
;__Lib_Lcd.c,126 :: 		
0x0407	0x1286      	BCF        LCD_EN, BitPos(LCD_EN+0)
;__Lib_Lcd.c,127 :: 		
0x0408	0x200D      	CALL       _Delay_5500us
;__Lib_Lcd.c,130 :: 		
0x0409	0x1686      	BSF        LCD_EN, BitPos(LCD_EN+0)
;__Lib_Lcd.c,131 :: 		
0x040A	0x2003      	CALL       _Delay_1us
;__Lib_Lcd.c,132 :: 		
0x040B	0x1286      	BCF        LCD_EN, BitPos(LCD_EN+0)
;__Lib_Lcd.c,134 :: 		
0x040C	0x1086      	BCF        LCD_D5, BitPos(LCD_D5+0)
;__Lib_Lcd.c,135 :: 		
0x040D	0x1586      	BSF        LCD_D7, BitPos(LCD_D7+0)
;__Lib_Lcd.c,136 :: 		
0x040E	0x1686      	BSF        LCD_EN, BitPos(LCD_EN+0)
;__Lib_Lcd.c,137 :: 		
0x040F	0x2003      	CALL       _Delay_1us
;__Lib_Lcd.c,138 :: 		
0x0410	0x1286      	BCF        LCD_EN, BitPos(LCD_EN+0)
;__Lib_Lcd.c,139 :: 		
0x0411	0x200D      	CALL       _Delay_5500us
;__Lib_Lcd.c,142 :: 		
0x0412	0x1186      	BCF        LCD_D7, BitPos(LCD_D7+0)
;__Lib_Lcd.c,143 :: 		
0x0413	0x1406      	BSF        LCD_D4, BitPos(LCD_D4+0)
;__Lib_Lcd.c,144 :: 		
0x0414	0x1686      	BSF        LCD_EN, BitPos(LCD_EN+0)
;__Lib_Lcd.c,145 :: 		
0x0415	0x2003      	CALL       _Delay_1us
;__Lib_Lcd.c,146 :: 		
0x0416	0x1286      	BCF        LCD_EN, BitPos(LCD_EN+0)
;__Lib_Lcd.c,148 :: 		
0x0417	0x1006      	BCF        LCD_D4, BitPos(LCD_D4+0)
;__Lib_Lcd.c,149 :: 		
0x0418	0x1686      	BSF        LCD_EN, BitPos(LCD_EN+0)
;__Lib_Lcd.c,150 :: 		
0x0419	0x2003      	CALL       _Delay_1us
;__Lib_Lcd.c,151 :: 		
0x041A	0x1286      	BCF        LCD_EN, BitPos(LCD_EN+0)
;__Lib_Lcd.c,152 :: 		
0x041B	0x200D      	CALL       _Delay_5500us
;__Lib_Lcd.c,155 :: 		
0x041C	0x1686      	BSF        LCD_EN, BitPos(LCD_EN+0)
;__Lib_Lcd.c,156 :: 		
0x041D	0x2003      	CALL       _Delay_1us
;__Lib_Lcd.c,157 :: 		
0x041E	0x1286      	BCF        LCD_EN, BitPos(LCD_EN+0)
;__Lib_Lcd.c,159 :: 		
0x041F	0x1406      	BSF        LCD_D4, BitPos(LCD_D4+0)
;__Lib_Lcd.c,160 :: 		
0x0420	0x1686      	BSF        LCD_EN, BitPos(LCD_EN+0)
;__Lib_Lcd.c,161 :: 		
0x0421	0x2003      	CALL       _Delay_1us
;__Lib_Lcd.c,162 :: 		
0x0422	0x1286      	BCF        LCD_EN, BitPos(LCD_EN+0)
;__Lib_Lcd.c,163 :: 		
0x0423	0x200D      	CALL       _Delay_5500us
;__Lib_Lcd.c,166 :: 		
0x0424	0x1006      	BCF        LCD_D4, BitPos(LCD_D4+0)
;__Lib_Lcd.c,167 :: 		
0x0425	0x1686      	BSF        LCD_EN, BitPos(LCD_EN+0)
;__Lib_Lcd.c,168 :: 		
0x0426	0x2003      	CALL       _Delay_1us
;__Lib_Lcd.c,169 :: 		
0x0427	0x1286      	BCF        LCD_EN, BitPos(LCD_EN+0)
;__Lib_Lcd.c,171 :: 		
0x0428	0x1586      	BSF        LCD_D7, BitPos(LCD_D7+0)
;__Lib_Lcd.c,172 :: 		
0x0429	0x1506      	BSF        LCD_D6, BitPos(LCD_D6+0)
;__Lib_Lcd.c,173 :: 		
0x042A	0x1486      	BSF        LCD_D5, BitPos(LCD_D5+0)
;__Lib_Lcd.c,174 :: 		
0x042B	0x1406      	BSF        LCD_D4, BitPos(LCD_D4+0)
;__Lib_Lcd.c,175 :: 		
0x042C	0x1686      	BSF        LCD_EN, BitPos(LCD_EN+0)
;__Lib_Lcd.c,176 :: 		
0x042D	0x2003      	CALL       _Delay_1us
;__Lib_Lcd.c,177 :: 		
0x042E	0x1286      	BCF        LCD_EN, BitPos(LCD_EN+0)
;__Lib_Lcd.c,179 :: 		
0x042F	0x200D      	CALL       _Delay_5500us
;__Lib_Lcd.c,181 :: 		
0x0430	0x1457      	BSF        __Lib_Lcd_cmd_status, BitPos(__Lib_Lcd_cmd_status+0)
;__Lib_Lcd.c,182 :: 		
L_end_Lcd_Init:
0x0431	0x0008      	RETURN
; end of _Lcd_Init
_Fa:
;T2.c,27 :: 		void Fa(){
;T2.c,28 :: 		Sound_Play(349.23,500); //Funcion Fa
0x0432	0x305D      	MOVLW      93
0x0433	0x1283      	BCF        STATUS, 5
0x0434	0x1303      	BCF        STATUS, 6
0x0435	0x00DF      	MOVWF      FARG_Sound_Play_freq_in_hz
0x0436	0x3001      	MOVLW      1
0x0437	0x00E0      	MOVWF      FARG_Sound_Play_freq_in_hz+1
0x0438	0x30F4      	MOVLW      244
0x0439	0x00E1      	MOVWF      FARG_Sound_Play_duration_ms
0x043A	0x3001      	MOVLW      1
0x043B	0x00E2      	MOVWF      FARG_Sound_Play_duration_ms+1
0x043C	0x2248      	CALL       _Sound_Play
;T2.c,29 :: 		Delay_ms(300);
0x043D	0x3002      	MOVLW      2
0x043E	0x00FB      	MOVWF      R11
0x043F	0x3086      	MOVLW      134
0x0440	0x00FC      	MOVWF      R12
0x0441	0x3099      	MOVLW      153
0x0442	0x00FD      	MOVWF      R13
L_Fa3:
0x0443	0x0BFD      	DECFSZ     R13, 1
0x0444	0x2C43      	GOTO       L_Fa3
0x0445	0x0BFC      	DECFSZ     R12, 1
0x0446	0x2C43      	GOTO       L_Fa3
0x0447	0x0BFB      	DECFSZ     R11, 1
0x0448	0x2C43      	GOTO       L_Fa3
;T2.c,30 :: 		}
L_end_Fa:
0x0449	0x0008      	RETURN
; end of _Fa
_Sound_Init:
;__Lib_Sound.c,9 :: 		
;__Lib_Sound.c,11 :: 		
0x044A	0x1283      	BCF        STATUS, 5
0x044B	0x1303      	BCF        STATUS, 6
0x044C	0x085B      	MOVF       FARG_Sound_Init_snd_port, 0
0x044D	0x00D8      	MOVWF      __Lib_Sound_soundPortAddr
;__Lib_Sound.c,13 :: 		
0x044E	0x085C      	MOVF       FARG_Sound_Init_snd_pin, 0
0x044F	0x00F1      	MOVWF      R1
0x0450	0x3001      	MOVLW      1
0x0451	0x00F0      	MOVWF      R0
0x0452	0x0871      	MOVF       R1, 0
L__Sound_Init12:
0x0453	0x1903      	BTFSC      STATUS, 2
0x0454	0x2C59      	GOTO       L__Sound_Init13
0x0455	0x0DF0      	RLF        R0, 1
0x0456	0x1070      	BCF        R0, 0
0x0457	0x3EFF      	ADDLW      255
0x0458	0x2C53      	GOTO       L__Sound_Init12
L__Sound_Init13:
0x0459	0x0870      	MOVF       R0, 0
0x045A	0x00DA      	MOVWF      __Lib_Sound_pinMask1
;__Lib_Sound.c,14 :: 		
0x045B	0x09F0      	COMF       R0, 1
0x045C	0x0870      	MOVF       R0, 0
0x045D	0x00D9      	MOVWF      __Lib_Sound_pinMask0
;__Lib_Sound.c,18 :: 		
0x045E	0x3080      	MOVLW      128
0x045F	0x075B      	ADDWF      FARG_Sound_Init_snd_port, 0
0x0460	0x0084      	MOVWF      FSR
;__Lib_Sound.c,19 :: 		
0x0461	0x0870      	MOVF       R0, 0
0x0462	0x0580      	ANDWF      INDF, 1
;__Lib_Sound.c,20 :: 		
0x0463	0x1384      	BCF        FSR, 7
;__Lib_Sound.c,21 :: 		
0x0464	0x0870      	MOVF       R0, 0
0x0465	0x0580      	ANDWF      INDF, 1
;__Lib_Sound.c,22 :: 		
L_end_Sound_Init:
0x0466	0x0008      	RETURN
; end of _Sound_Init
_main:
0x0467	0x2528      	CALL       1320
;T2.c,49 :: 		void main() {
;T2.c,50 :: 		ANSEL = 0;
0x0468	0x1683      	BSF        STATUS, 5
0x0469	0x1703      	BSF        STATUS, 6
0x046A	0x0188      	CLRF       ANSEL
;T2.c,51 :: 		ANSELH = 0;
0x046B	0x0189      	CLRF       ANSELH
;T2.c,52 :: 		TRISB = 0;
0x046C	0x0186      	CLRF       TRISB
;T2.c,53 :: 		TRISD = 0;
0x046D	0x1303      	BCF        STATUS, 6
0x046E	0x0188      	CLRF       TRISD
;T2.c,54 :: 		Sound_Init(&PORTD,3);
0x046F	0x3008      	MOVLW      PORTD
0x0470	0x1283      	BCF        STATUS, 5
0x0471	0x00DB      	MOVWF      FARG_Sound_Init_snd_port
0x0472	0x3003      	MOVLW      3
0x0473	0x00DC      	MOVWF      FARG_Sound_Init_snd_pin
0x0474	0x244A      	CALL       _Sound_Init
;T2.c,55 :: 		Lcd_Init(); //Inicializa la libreria lcd
0x0475	0x23E4      	CALL       _Lcd_Init
;T2.c,56 :: 		while(1){
L_main7:
;T2.c,57 :: 		Lcd_Cmd(_LCD_CLEAR);
0x0476	0x3001      	MOVLW      1
0x0477	0x00EB      	MOVWF      FARG_Lcd_Cmd_out_char
0x0478	0x2200      	CALL       _Lcd_Cmd
;T2.c,58 :: 		Lcd_Out(1, 1, frase1);
0x0479	0x3001      	MOVLW      1
0x047A	0x00DB      	MOVWF      FARG_Lcd_Out_row
0x047B	0x3001      	MOVLW      1
0x047C	0x00DC      	MOVWF      FARG_Lcd_Out_column
0x047D	0x302B      	MOVLW      _frase1
0x047E	0x00DD      	MOVWF      FARG_Lcd_Out_text
0x047F	0x23A4      	CALL       _Lcd_Out
;T2.c,59 :: 		Delay_ms(500);
0x0480	0x3003      	MOVLW      3
0x0481	0x00FB      	MOVWF      R11
0x0482	0x308A      	MOVLW      138
0x0483	0x00FC      	MOVWF      R12
0x0484	0x3055      	MOVLW      85
0x0485	0x00FD      	MOVWF      R13
L_main9:
0x0486	0x0BFD      	DECFSZ     R13, 1
0x0487	0x2C86      	GOTO       L_main9
0x0488	0x0BFC      	DECFSZ     R12, 1
0x0489	0x2C86      	GOTO       L_main9
0x048A	0x0BFB      	DECFSZ     R11, 1
0x048B	0x2C86      	GOTO       L_main9
0x048C	0x0000      	NOP
0x048D	0x0000      	NOP
;T2.c,60 :: 		Dos(); Re(); Mi(); Dos();
0x048E	0x2350      	CALL       _Dos
0x048F	0x2380      	CALL       _Re
0x0490	0x2368      	CALL       _Mi
0x0491	0x2350      	CALL       _Dos
;T2.c,61 :: 		Lcd_Cmd(_LCD_CLEAR);
0x0492	0x3001      	MOVLW      1
0x0493	0x00EB      	MOVWF      FARG_Lcd_Cmd_out_char
0x0494	0x2200      	CALL       _Lcd_Cmd
;T2.c,62 :: 		Lcd_Out(1, 1, frase2);
0x0495	0x3001      	MOVLW      1
0x0496	0x00DB      	MOVWF      FARG_Lcd_Out_row
0x0497	0x3001      	MOVLW      1
0x0498	0x00DC      	MOVWF      FARG_Lcd_Out_column
0x0499	0x3037      	MOVLW      _frase2
0x049A	0x00DD      	MOVWF      FARG_Lcd_Out_text
0x049B	0x23A4      	CALL       _Lcd_Out
;T2.c,63 :: 		Delay_ms(500);
0x049C	0x3003      	MOVLW      3
0x049D	0x00FB      	MOVWF      R11
0x049E	0x308A      	MOVLW      138
0x049F	0x00FC      	MOVWF      R12
0x04A0	0x3055      	MOVLW      85
0x04A1	0x00FD      	MOVWF      R13
L_main10:
0x04A2	0x0BFD      	DECFSZ     R13, 1
0x04A3	0x2CA2      	GOTO       L_main10
0x04A4	0x0BFC      	DECFSZ     R12, 1
0x04A5	0x2CA2      	GOTO       L_main10
0x04A6	0x0BFB      	DECFSZ     R11, 1
0x04A7	0x2CA2      	GOTO       L_main10
0x04A8	0x0000      	NOP
0x04A9	0x0000      	NOP
;T2.c,64 :: 		Mi(); Fa(); Sol();
0x04AA	0x2368      	CALL       _Mi
0x04AB	0x2432      	CALL       _Fa
0x04AC	0x2338      	CALL       _Sol
;T2.c,65 :: 		Lcd_Cmd(_LCD_CLEAR);
0x04AD	0x3001      	MOVLW      1
0x04AE	0x00EB      	MOVWF      FARG_Lcd_Cmd_out_char
0x04AF	0x2200      	CALL       _Lcd_Cmd
;T2.c,66 :: 		Lcd_Out(1, 1, frase3);
0x04B0	0x3001      	MOVLW      1
0x04B1	0x00DB      	MOVWF      FARG_Lcd_Out_row
0x04B2	0x3001      	MOVLW      1
0x04B3	0x00DC      	MOVWF      FARG_Lcd_Out_column
0x04B4	0x304A      	MOVLW      _frase3
0x04B5	0x00DD      	MOVWF      FARG_Lcd_Out_text
0x04B6	0x23A4      	CALL       _Lcd_Out
;T2.c,67 :: 		Lcd_Out(2, 1, frase4);
0x04B7	0x3002      	MOVLW      2
0x04B8	0x00DB      	MOVWF      FARG_Lcd_Out_row
0x04B9	0x3001      	MOVLW      1
0x04BA	0x00DC      	MOVWF      FARG_Lcd_Out_column
0x04BB	0x3041      	MOVLW      _frase4
0x04BC	0x00DD      	MOVWF      FARG_Lcd_Out_text
0x04BD	0x23A4      	CALL       _Lcd_Out
;T2.c,68 :: 		Delay_ms(500);
0x04BE	0x3003      	MOVLW      3
0x04BF	0x00FB      	MOVWF      R11
0x04C0	0x308A      	MOVLW      138
0x04C1	0x00FC      	MOVWF      R12
0x04C2	0x3055      	MOVLW      85
0x04C3	0x00FD      	MOVWF      R13
L_main11:
0x04C4	0x0BFD      	DECFSZ     R13, 1
0x04C5	0x2CC4      	GOTO       L_main11
0x04C6	0x0BFC      	DECFSZ     R12, 1
0x04C7	0x2CC4      	GOTO       L_main11
0x04C8	0x0BFB      	DECFSZ     R11, 1
0x04C9	0x2CC4      	GOTO       L_main11
0x04CA	0x0000      	NOP
0x04CB	0x0000      	NOP
;T2.c,69 :: 		Sol(); La(); Sol(); Fa(); Mi(); Dos();
0x04CC	0x2338      	CALL       _Sol
0x04CD	0x2320      	CALL       _La
0x04CE	0x2338      	CALL       _Sol
0x04CF	0x2432      	CALL       _Fa
0x04D0	0x2368      	CALL       _Mi
0x04D1	0x2350      	CALL       _Dos
;T2.c,70 :: 		Lcd_Cmd(_LCD_CLEAR);
0x04D2	0x3001      	MOVLW      1
0x04D3	0x00EB      	MOVWF      FARG_Lcd_Cmd_out_char
0x04D4	0x2200      	CALL       _Lcd_Cmd
;T2.c,71 :: 		Lcd_Out(1, 1, frase5);
0x04D5	0x3001      	MOVLW      1
0x04D6	0x00DB      	MOVWF      FARG_Lcd_Out_row
0x04D7	0x3001      	MOVLW      1
0x04D8	0x00DC      	MOVWF      FARG_Lcd_Out_column
0x04D9	0x3021      	MOVLW      _frase5
0x04DA	0x00DD      	MOVWF      FARG_Lcd_Out_text
0x04DB	0x23A4      	CALL       _Lcd_Out
;T2.c,72 :: 		Delay_ms(500);
0x04DC	0x3003      	MOVLW      3
0x04DD	0x00FB      	MOVWF      R11
0x04DE	0x308A      	MOVLW      138
0x04DF	0x00FC      	MOVWF      R12
0x04E0	0x3055      	MOVLW      85
0x04E1	0x00FD      	MOVWF      R13
L_main12:
0x04E2	0x0BFD      	DECFSZ     R13, 1
0x04E3	0x2CE2      	GOTO       L_main12
0x04E4	0x0BFC      	DECFSZ     R12, 1
0x04E5	0x2CE2      	GOTO       L_main12
0x04E6	0x0BFB      	DECFSZ     R11, 1
0x04E7	0x2CE2      	GOTO       L_main12
0x04E8	0x0000      	NOP
0x04E9	0x0000      	NOP
;T2.c,73 :: 		Re(); Sol(); Dos();
0x04EA	0x2380      	CALL       _Re
0x04EB	0x2338      	CALL       _Sol
0x04EC	0x2350      	CALL       _Dos
;T2.c,74 :: 		}
0x04ED	0x2C76      	GOTO       L_main7
;T2.c,75 :: 		}
L_end_main:
0x04EE	0x2CEE      	GOTO       $+0
; end of _main
0x0528	0x3021      	MOVLW      33
0x0529	0x0084      	MOVWF      FSR
0x052A	0x3034      	MOVLW      52
0x052B	0x1283      	BCF        STATUS, 5
0x052C	0x1303      	BCF        STATUS, 6
0x052D	0x00F0      	MOVWF      R0
0x052E	0x30F4      	MOVLW      244
0x052F	0x00D5      	MOVWF      ___DoICPAddr
0x0530	0x3004      	MOVLW      4
0x0531	0x00D6      	MOVWF      86
0x0532	0x2398      	CALL       920
0x0533	0x0008      	RETURN
;T2.c,0 :: ?ICS_frase5
0x04F4	0x3452 ;?ICS_frase5+0
0x04F5	0x3465 ;?ICS_frase5+1
0x04F6	0x3420 ;?ICS_frase5+2
0x04F7	0x3453 ;?ICS_frase5+3
0x04F8	0x346F ;?ICS_frase5+4
0x04F9	0x346C ;?ICS_frase5+5
0x04FA	0x3420 ;?ICS_frase5+6
0x04FB	0x3444 ;?ICS_frase5+7
0x04FC	0x346F ;?ICS_frase5+8
0x04FD	0x3400 ;?ICS_frase5+9
; end of ?ICS_frase5
;T2.c,0 :: ?ICS_frase1
0x04FE	0x3444 ;?ICS_frase1+0
0x04FF	0x346F ;?ICS_frase1+1
0x0500	0x3420 ;?ICS_frase1+2
0x0501	0x3452 ;?ICS_frase1+3
0x0502	0x3465 ;?ICS_frase1+4
0x0503	0x3420 ;?ICS_frase1+5
0x0504	0x344D ;?ICS_frase1+6
0x0505	0x3469 ;?ICS_frase1+7
0x0506	0x3420 ;?ICS_frase1+8
0x0507	0x3444 ;?ICS_frase1+9
0x0508	0x346F ;?ICS_frase1+10
0x0509	0x3400 ;?ICS_frase1+11
; end of ?ICS_frase1
;T2.c,0 :: ?ICS_frase2
0x050A	0x344D ;?ICS_frase2+0
0x050B	0x3469 ;?ICS_frase2+1
0x050C	0x3420 ;?ICS_frase2+2
0x050D	0x3446 ;?ICS_frase2+3
0x050E	0x3461 ;?ICS_frase2+4
0x050F	0x3420 ;?ICS_frase2+5
0x0510	0x3453 ;?ICS_frase2+6
0x0511	0x346F ;?ICS_frase2+7
0x0512	0x346C ;?ICS_frase2+8
0x0513	0x3400 ;?ICS_frase2+9
; end of ?ICS_frase2
;T2.c,0 :: ?ICS_frase4
0x0514	0x3446 ;?ICS_frase4+0
0x0515	0x3461 ;?ICS_frase4+1
0x0516	0x3420 ;?ICS_frase4+2
0x0517	0x344D ;?ICS_frase4+3
0x0518	0x3469 ;?ICS_frase4+4
0x0519	0x3420 ;?ICS_frase4+5
0x051A	0x3444 ;?ICS_frase4+6
0x051B	0x346F ;?ICS_frase4+7
0x051C	0x3400 ;?ICS_frase4+8
; end of ?ICS_frase4
;T2.c,0 :: ?ICS_frase3
0x051D	0x3453 ;?ICS_frase3+0
0x051E	0x346F ;?ICS_frase3+1
0x051F	0x346C ;?ICS_frase3+2
0x0520	0x3420 ;?ICS_frase3+3
0x0521	0x344C ;?ICS_frase3+4
0x0522	0x3461 ;?ICS_frase3+5
0x0523	0x3420 ;?ICS_frase3+6
0x0524	0x3453 ;?ICS_frase3+7
0x0525	0x346F ;?ICS_frase3+8
0x0526	0x346C ;?ICS_frase3+9
0x0527	0x3400 ;?ICS_frase3+10
; end of ?ICS_frase3
Symbol List:
//** Routines locations **
//ADDRESS    SIZE    PROCEDURE
//----------------------------------------------
0x0003       [2]    _Delay_1us
0x0005       [8]    _Delay_50us
0x000D      [11]    _Delay_5500us
0x0018       [9]    _Get_Fosc_kHz
0x0021      [19]    _Delay_Cyc
0x0034      [29]    _Div_16X16_U
0x0051      [55]    _Mul_32x32_U
0x0088     [376]    _Div_32x32_U
0x0200      [64]    _Lcd_Cmd
0x0240       [8]    _Lcd_Chr_CP
0x0248     [209]    _Sound_Play
0x0319       [7]    _____DoICP
0x0320      [24]    _La
0x0338      [24]    _Sol
0x0350      [24]    _Dos
0x0368      [24]    _Mi
0x0380      [24]    _Re
0x0398      [12]    ___CC2DW
0x03A4      [64]    _Lcd_Out
0x03E4      [78]    _Lcd_Init
0x0432      [24]    _Fa
0x044A      [29]    _Sound_Init
0x0467     [135]    _main
//** Variables locations ** 
//ADDRESS    SIZE    VARIABLE
//----------------------------------------------
0x0000       [1]    INDF
0x0002       [1]    PCL
0x0003       [1]    STATUS
0x0004       [1]    FSR
0x0006       [0]    RB4_bit
0x0006       [0]    RB5_bit
0x0006       [0]    RB1_bit
0x0006       [0]    RB2_bit
0x0006       [0]    RB3_bit
0x0006       [0]    RB0_bit
0x0006       [0]    LCD_D4
0x0006       [0]    LCD_D5
0x0006       [0]    LCD_RS
0x0006       [0]    LCD_EN
0x0006       [0]    LCD_D7
0x0006       [0]    LCD_D6
0x0008       [1]    PORTD
0x000A       [1]    PCLATH
0x0020       [1]    ___math_tempb
0x0021      [10]    _frase5
0x002B      [12]    _frase1
0x0037      [10]    _frase2
0x0041       [9]    _frase4
0x004A      [11]    _frase3
0x0055       [2]    ___DoICPAddr
0x0057       [0]    __Lib_Lcd_cmd_status
0x0058       [1]    __Lib_Sound_soundPortAddr
0x0059       [1]    __Lib_Sound_pinMask0
0x005A       [1]    __Lib_Sound_pinMask1
0x005B       [1]    FARG_Sound_Init_snd_port
0x005B       [1]    FARG_Lcd_Out_row
0x005C       [1]    FARG_Lcd_Out_column
0x005C       [1]    FARG_Sound_Init_snd_pin
0x005D       [1]    FARG_Lcd_Out_text
0x005E       [1]    Lcd_Out_i_L0
0x005F       [1]    FARG_Lcd_Chr_CP_out_char
0x005F       [2]    FARG_Sound_Play_freq_in_hz
0x0061       [2]    FARG_Sound_Play_duration_ms
0x0063       [2]    Sound_Play_nc_L0
0x0065       [2]    Sound_Play_i_L0
0x0067       [4]    Sound_Play_per_nc_L0
0x006B       [1]    FARG_Lcd_Cmd_out_char
0x006B       [1]    FARG_Delay_Cyc_cycles_div_by_10
0x0070       [1]    R0
0x0071       [1]    R1
0x0072       [1]    R2
0x0073       [1]    R3
0x0074       [1]    R4
0x0075       [1]    R5
0x0076       [1]    R6
0x0077       [1]    R7
0x0078       [1]    R8
0x0079       [1]    R9
0x007A       [1]    R10
0x007B       [1]    R11
0x007C       [1]    R12
0x007D       [1]    R13
0x007E       [1]    R14
0x007F       [1]    R15
0x0086       [0]    TRISB5_bit
0x0086       [0]    TRISB4_bit
0x0086       [0]    LCD_D6_Direction
0x0086       [0]    LCD_D7_Direction
0x0086       [0]    LCD_D5_Direction
0x0086       [0]    LCD_D4_Direction
0x0086       [0]    LCD_RS_Direction
0x0086       [0]    LCD_EN_Direction
0x0086       [0]    TRISB2_bit
0x0086       [0]    TRISB3_bit
0x0086       [0]    TRISB1_bit
0x0086       [1]    TRISB
0x0086       [0]    TRISB0_bit
0x0088       [1]    TRISD
0x0188       [1]    ANSEL
0x0189       [1]    ANSELH
//** Constants locations ** 
//ADDRESS    SIZE    CONSTANT
//----------------------------------------------
0x04F4      [10]    ?ICS_frase5
0x04FE      [12]    ?ICS_frase1
0x050A      [10]    ?ICS_frase2
0x0514       [9]    ?ICS_frase4
0x051D      [11]    ?ICS_frase3
//** Label List: ** 
//----------------------------------------------
  L_Dos0
  L_Re1
  L_Mi2
  L_Fa3
  L_Sol4
  L_La5
  L_Si6
  L_main7
  L_main8
  L_main9
  L_main10
  L_main11
  L_main12
  L_end_Dos
  _Dos
  L_end_Re
  _Re
  L_end_Mi
  _Mi
  L_end_Fa
  _Fa
  L_end_Sol
  _Sol
  L_end_La
  _La
  L_end_Si
  _Si
  L_end_main
  _main
  L_Delay_10us0
  L_Delay_22us1
  L_Delay_50us2
  L_Delay_80us3
  L_Delay_500us4
  L_Delay_5500us5
  L_Delay_1ms6
  L_Delay_5ms7
  L_Delay_8ms8
  L_Delay_10ms9
  L_Delay_100ms10
  L_Delay_1sec11
  L_boot16_Delay_5ms12
  L_Delay_Cyc13
  L_Delay_Cyc14
  L_VDelay_ms15
  L_VDelay_ms16
  L_VDelay_ms17
  L_VDelay_Advanced_ms18
  L_VDelay_Advanced_ms19
  L_VDelay_Advanced_ms20
  L_end_Get_Fosc_kHz
  _Get_Fosc_kHz
  L_end_Delay_1us
  _Delay_1us
  L_end_Delay_10us
  _Delay_10us
  L_end_Delay_22us
  _Delay_22us
  L_end_Delay_50us
  _Delay_50us
  L_end_Delay_80us
  _Delay_80us
  L_end_Delay_500us
  _Delay_500us
  L_end_Delay_5500us
  _Delay_5500us
  L_end_Delay_1ms
  _Delay_1ms
  L_end_Delay_5ms
  _Delay_5ms
  L_end_Delay_8ms
  _Delay_8ms
  L_end_Delay_10ms
  _Delay_10ms
  L_end_Delay_100ms
  _Delay_100ms
  L_end_Delay_1sec
  _Delay_1sec
  L_end_boot16_Delay_5ms
  _boot16_Delay_5ms
  L_end_Delay_Cyc
  _Delay_Cyc
  L_end_VDelay_ms
  _VDelay_ms
  L__VDelay_ms38
  L__VDelay_ms39
  L__VDelay_ms40
  L_end_VDelay_Advanced_ms
  _VDelay_Advanced_ms
  L__VDelay_Advanced_ms42
  L__VDelay_Advanced_ms43
  L__VDelay_Advanced_ms44
  L_Lcd_Cmd0
  L_Lcd_Cmd1
  L_Lcd_Out_CP2
  L_Lcd_Out_CP3
  L_Lcd_Chr4
  L_Lcd_Chr5
  L_Lcd_Chr6
  L_Lcd_Chr7
  L_Lcd_Chr8
  L_Lcd_Chr9
  L_Lcd_Chr10
  L_Lcd_Out11
  L_Lcd_Out12
  L_Lcd_Out13
  L_Lcd_Out14
  L_Lcd_Out15
  L_Lcd_Out16
  L_Lcd_Out17
  L_Lcd_Out18
  L_Lcd_Out19
  L_end_Lcd_Cmd
  _Lcd_Cmd
  L__Lcd_Cmd21
  L__Lcd_Cmd22
  L__Lcd_Cmd23
  L__Lcd_Cmd24
  L__Lcd_Cmd25
  L__Lcd_Cmd26
  L__Lcd_Cmd27
  L__Lcd_Cmd28
  L__Lcd_Cmd29
  L__Lcd_Cmd30
  L__Lcd_Cmd31
  L__Lcd_Cmd32
  L__Lcd_Cmd33
  L__Lcd_Cmd34
  L__Lcd_Cmd35
  L__Lcd_Cmd36
  L__Lcd_Cmd37
  L__Lcd_Cmd38
  L__Lcd_Cmd39
  L__Lcd_Cmd40
  L_end_Lcd_Chr_CP
  _Lcd_Chr_CP
  L_end_Lcd_Out_CP
  _Lcd_Out_CP
  L_end_Lcd_Chr
  _Lcd_Chr
  L_end_Lcd_Init
  _Lcd_Init
  L_end_Lcd_Out
  _Lcd_Out
  L_Div_16x16_S0
  L_Div_16x16_S1
  LOOPS3232A
  SADD22LA
  SOK22LA
  SADD22L8
  SOK22L8
  LOOPS3232B
  SADD22LB
  SOK22LB
  SADD22L16
  SOK22L16
  LOOPS3232C
  SADD22LC
  SOK22LC
  SADD22L24
  SOK22L24
  LOOPS3232D
  SADD22LD
  SOK22LD
  SOK22L
  L_Div_32x32_S6
  L_Div_32x32_S7
  L_Div_32x32_S8
  L_Div_32x32_S9
  FXD3232S
  END_ALL
  CA3232S
  C3232SX
  C3232SX1
  C3232S
  C3232S2
  C3232SX4
  C3232SOK
  C3232SX3
  C3232SX2
  avoid_comfrem
  LOOPU3232A
  UADD22LA
  UOK22LA
  UADD22L8
  UOK22L8
  LOOPU3232B
  UADD22LB
  UOK22LB
  UADD22L16
  UOK22L16
  LOOPU3232C
  UADD22LC
  UOK22LC
  UADD22L24
  UOK22L24
  LOOPU3232D
  UADD22LD
  UOK22LD
  UOK22L
  _NEXT
  _EXIT2
  _LOOP
  _EXIT1
  _IF_FIRST
  _IF_SECOND
  _INVERCE_FIRST
  _MULT
  _INBERSE_SECOND
  _EXIT
  L_end_Mul_8X8_U
  _Mul_8X8_U
  L_end_Mul_16X16_U
  _Mul_16X16_U
  L_end_Div_8X8_U
  _Div_8X8_U
  L_end_Div_16X16_U
  _Div_16X16_U
  L_end_Mul_8X8_S
  _Mul_8X8_S
  L_end_Mul_16X16_S
  _Mul_16X16_S
  L_end_Div_16x16_S_L
  _Div_16x16_S_L
  L_end_Div_16x16_S
  _Div_16x16_S
  L_end_Div_8X8_S
  _Div_8X8_S
  L_end_SDIV3232L
  _SDIV3232L
  L_end_COMFREM
  _COMFREM
  L_end_Div_32x32_S
  _Div_32x32_S
  L_end_Div_32x32_U
  _Div_32x32_U
  L_end_Mul_32x32_U
  _Mul_32x32_U
  L_end_Mul_32x32_S
  _Mul_32x32_S
  L_Sound_Play0
  L_Sound_Play1
  L_Sound_Play2
  L_Sound_Play3
  L_Sound_Play4
  L_Sound_Play5
  L_Sound_Play6
  L_Sound_Play7
  L_Sound_Play8
  L_Sound_Play9
  L_Sound_Play10
  L_end_Sound_Init
  _Sound_Init
  L__Sound_Init12
  L__Sound_Init13
  L_end_Sound_Play
  _Sound_Play
  L__Sound_Play15
  L__Sound_Play16
  L__Sound_Play17
  L__Sound_Play18
  L__Sound_Play19
  L__Sound_Play20
  L_loopCA2AWs
  L_CA2AWend
  _CCA2AW_Loop1
  L_loopCS2Ss
  L_CS2Send
  _CCS2S_Loop1
  L_CCS2Send
  L_loopFZinSWs
  L_FZinSend
  _CC2D_Loop1
  L_end_____DoICP
  _____DoICP
  L_end_____DoIFC
  _____DoIFC
  L_end___CA2AW
  ___CA2AW
  L_end___CCA2AW
  ___CCA2AW
  L_end___CS2S
  ___CS2S
  L_end___CCS2S
  ___CCS2S
  L_end___FZinS
  ___FZinS
  L_end___CC2DW
  ___CC2DW
  L_end_Swap
  _Swap
